<?xml version="1.0" encoding="UTF-8"?>
<robot generator="Robot 7.0 (Python 3.9.7 on win32)" generated="2024-05-17T23:14:37.008942" rpa="false" schemaversion="5">
<suite id="s1" name="Mid-Term Test Ver2" source="D:\Nam_4\KiemThu\GK\mid-term test_ver2">
<suite id="s1-s1" name="Modules" source="D:\Nam_4\KiemThu\GK\mid-term test_ver2\modules">
<suite id="s1-s1-s1" name="Module1" source="D:\Nam_4\KiemThu\GK\mid-term test_ver2\modules\Module1.robot">
<test id="s1-s1-s1-t1" name="Module1_1" line="30">
<kw name="Open Browser" owner="SeleniumLibrary">
<msg time="2024-05-17T23:14:37.323697" level="INFO">Opening browser 'Chrome' to base url 'https://www.saucedemo.com/'.</msg>
<arg>${URL}</arg>
<arg>${Browser}</arg>
<doc>Opens a new browser instance to the optional ``url``.</doc>
<status status="PASS" start="2024-05-17T23:14:37.323697" elapsed="3.319185"/>
</kw>
<kw name="Wait Until Page Contains" owner="SeleniumLibrary">
<arg>Swag Labs</arg>
<doc>Waits until ``text`` appears on the current page.</doc>
<status status="PASS" start="2024-05-17T23:14:40.642882" elapsed="0.013981"/>
</kw>
<kw name="Input Text" owner="SeleniumLibrary">
<msg time="2024-05-17T23:14:40.656863" level="INFO">Typing text 'standard_user' into text field 'xpath =//*[@id="user-name"]'.</msg>
<arg>${username}</arg>
<arg>${correct_username}</arg>
<doc>Types the given ``text`` into the text field identified by ``locator``.</doc>
<status status="PASS" start="2024-05-17T23:14:40.656863" elapsed="0.105246"/>
</kw>
<kw name="Input Text" owner="SeleniumLibrary">
<msg time="2024-05-17T23:14:40.762109" level="INFO">Typing text 'secret_sauce' into text field 'xpath=//*[@id="password"]'.</msg>
<arg>${password}</arg>
<arg>${correct_password}</arg>
<doc>Types the given ``text`` into the text field identified by ``locator``.</doc>
<status status="PASS" start="2024-05-17T23:14:40.762109" elapsed="0.087908"/>
</kw>
<kw name="Click Element" owner="SeleniumLibrary">
<msg time="2024-05-17T23:14:40.850017" level="INFO">Clicking element 'xpath=//*[@id="login-button"]'.</msg>
<arg>${LoginButton}</arg>
<doc>Click the element identified by ``locator``.</doc>
<status status="PASS" start="2024-05-17T23:14:40.850017" elapsed="0.071069"/>
</kw>
<kw name="Page Should Not Contain" owner="SeleniumLibrary">
<msg time="2024-05-17T23:14:40.932207" level="INFO">Current page does not contain text 'Epic sadface: Username and password do not match any user in this service'.</msg>
<arg>Epic sadface: Username and password do not match any user in this service</arg>
<doc>Verifies the current page does not contain ``text``.</doc>
<status status="PASS" start="2024-05-17T23:14:40.921086" elapsed="0.011121"/>
</kw>
<kw name="Close Browser" owner="SeleniumLibrary">
<doc>Closes the current browser.</doc>
<status status="PASS" start="2024-05-17T23:14:40.932207" elapsed="2.118992"/>
</kw>
<doc>Check login with correct username and password</doc>
<status status="PASS" start="2024-05-17T23:14:37.323697" elapsed="5.727502"/>
</test>
<test id="s1-s1-s1-t2" name="Module1_2" line="40">
<kw name="Open Browser" owner="SeleniumLibrary">
<msg time="2024-05-17T23:14:43.051199" level="INFO">Opening browser 'Chrome' to base url 'https://www.saucedemo.com/'.</msg>
<arg>${URL}</arg>
<arg>${Browser}</arg>
<doc>Opens a new browser instance to the optional ``url``.</doc>
<status status="PASS" start="2024-05-17T23:14:43.051199" elapsed="2.337618"/>
</kw>
<kw name="Wait Until Page Contains" owner="SeleniumLibrary">
<arg>Swag Labs</arg>
<doc>Waits until ``text`` appears on the current page.</doc>
<status status="PASS" start="2024-05-17T23:14:45.388817" elapsed="0.013674"/>
</kw>
<kw name="Input Text" owner="SeleniumLibrary">
<msg time="2024-05-17T23:14:45.403507" level="INFO">Typing text 'standard_user' into text field 'xpath =//*[@id="user-name"]'.</msg>
<arg>${username}</arg>
<arg>${correct_username}</arg>
<doc>Types the given ``text`` into the text field identified by ``locator``.</doc>
<status status="PASS" start="2024-05-17T23:14:45.402491" elapsed="0.114305"/>
</kw>
<kw name="Input Text" owner="SeleniumLibrary">
<msg time="2024-05-17T23:14:45.516796" level="INFO">Typing text 'incorrect_password' into text field 'xpath=//*[@id="password"]'.</msg>
<arg>${password}</arg>
<arg>${incorrect_password}</arg>
<doc>Types the given ``text`` into the text field identified by ``locator``.</doc>
<status status="PASS" start="2024-05-17T23:14:45.516796" elapsed="0.104468"/>
</kw>
<kw name="Click Element" owner="SeleniumLibrary">
<msg time="2024-05-17T23:14:45.621264" level="INFO">Clicking element 'xpath=//*[@id="login-button"]'.</msg>
<arg>${LoginButton}</arg>
<doc>Click the element identified by ``locator``.</doc>
<status status="PASS" start="2024-05-17T23:14:45.621264" elapsed="0.051436"/>
</kw>
<kw name="Page Should Contain" owner="SeleniumLibrary">
<msg time="2024-05-17T23:14:45.683024" level="INFO">Current page contains text 'Epic sadface: Username and password do not match any user in this service'.</msg>
<arg>Epic sadface: Username and password do not match any user in this service</arg>
<doc>Verifies that current page contains ``text``.</doc>
<status status="PASS" start="2024-05-17T23:14:45.675065" elapsed="0.007959"/>
</kw>
<kw name="Close Browser" owner="SeleniumLibrary">
<doc>Closes the current browser.</doc>
<status status="PASS" start="2024-05-17T23:14:45.683024" elapsed="2.105209"/>
</kw>
<doc>Check login with correct username &amp; incorrect password</doc>
<status status="PASS" start="2024-05-17T23:14:43.051199" elapsed="4.737034"/>
</test>
<test id="s1-s1-s1-t3" name="Module1_3" line="50">
<kw name="Open Browser" owner="SeleniumLibrary">
<msg time="2024-05-17T23:14:47.788233" level="INFO">Opening browser 'Chrome' to base url 'https://www.saucedemo.com/'.</msg>
<arg>${URL}</arg>
<arg>${Browser}</arg>
<doc>Opens a new browser instance to the optional ``url``.</doc>
<status status="PASS" start="2024-05-17T23:14:47.788233" elapsed="2.265646"/>
</kw>
<kw name="Wait Until Page Contains" owner="SeleniumLibrary">
<arg>Swag Labs</arg>
<doc>Waits until ``text`` appears on the current page.</doc>
<status status="PASS" start="2024-05-17T23:14:50.053879" elapsed="0.013530"/>
</kw>
<kw name="Input Text" owner="SeleniumLibrary">
<msg time="2024-05-17T23:14:50.067409" level="INFO">Typing text 'incorrect_username' into text field 'xpath =//*[@id="user-name"]'.</msg>
<arg>${username}</arg>
<arg>${incorrect_username}</arg>
<doc>Types the given ``text`` into the text field identified by ``locator``.</doc>
<status status="PASS" start="2024-05-17T23:14:50.067409" elapsed="0.124526"/>
</kw>
<kw name="Input Text" owner="SeleniumLibrary">
<msg time="2024-05-17T23:14:50.192968" level="INFO">Typing text 'secret_sauce' into text field 'xpath=//*[@id="password"]'.</msg>
<arg>${password}</arg>
<arg>${correct_password}</arg>
<doc>Types the given ``text`` into the text field identified by ``locator``.</doc>
<status status="PASS" start="2024-05-17T23:14:50.191935" elapsed="0.090963"/>
</kw>
<kw name="Click Element" owner="SeleniumLibrary">
<msg time="2024-05-17T23:14:50.282898" level="INFO">Clicking element 'xpath=//*[@id="login-button"]'.</msg>
<arg>${LoginButton}</arg>
<doc>Click the element identified by ``locator``.</doc>
<status status="PASS" start="2024-05-17T23:14:50.282898" elapsed="0.053869"/>
</kw>
<kw name="Page Should Contain" owner="SeleniumLibrary">
<msg time="2024-05-17T23:14:50.350513" level="INFO">Current page contains text 'Epic sadface: Username and password do not match any user in this service'.</msg>
<arg>Epic sadface: Username and password do not match any user in this service</arg>
<doc>Verifies that current page contains ``text``.</doc>
<status status="PASS" start="2024-05-17T23:14:50.336767" elapsed="0.014749"/>
</kw>
<kw name="Close Browser" owner="SeleniumLibrary">
<doc>Closes the current browser.</doc>
<status status="PASS" start="2024-05-17T23:14:50.351516" elapsed="2.089337"/>
</kw>
<doc>Check login with incorrect user name &amp; correct password</doc>
<status status="PASS" start="2024-05-17T23:14:47.788233" elapsed="4.652620"/>
</test>
<test id="s1-s1-s1-t4" name="Module1_4" line="60">
<kw name="Open Browser" owner="SeleniumLibrary">
<msg time="2024-05-17T23:14:52.440853" level="INFO">Opening browser 'Chrome' to base url 'https://www.saucedemo.com/'.</msg>
<arg>${URL}</arg>
<arg>${Browser}</arg>
<doc>Opens a new browser instance to the optional ``url``.</doc>
<status status="PASS" start="2024-05-17T23:14:52.440853" elapsed="2.189251"/>
</kw>
<kw name="Wait Until Page Contains" owner="SeleniumLibrary">
<arg>Swag Labs</arg>
<doc>Waits until ``text`` appears on the current page.</doc>
<status status="PASS" start="2024-05-17T23:14:54.631174" elapsed="0.013203"/>
</kw>
<kw name="Input Text" owner="SeleniumLibrary">
<msg time="2024-05-17T23:14:54.645390" level="INFO">Typing text 'standard_user' into text field 'xpath =//*[@id="user-name"]'.</msg>
<arg>${username}</arg>
<arg>${correct_username}</arg>
<doc>Types the given ``text`` into the text field identified by ``locator``.</doc>
<status status="PASS" start="2024-05-17T23:14:54.645390" elapsed="0.118857"/>
</kw>
<kw name="Click Element" owner="SeleniumLibrary">
<msg time="2024-05-17T23:14:54.765624" level="INFO">Clicking element 'xpath=//*[@id="login-button"]'.</msg>
<arg>${LoginButton}</arg>
<doc>Click the element identified by ``locator``.</doc>
<status status="PASS" start="2024-05-17T23:14:54.764247" elapsed="0.054388"/>
</kw>
<kw name="Page Should Contain" owner="SeleniumLibrary">
<msg time="2024-05-17T23:14:54.827749" level="INFO">Current page contains text 'Epic sadface: Password is required'.</msg>
<arg>Epic sadface: Password is required</arg>
<doc>Verifies that current page contains ``text``.</doc>
<status status="PASS" start="2024-05-17T23:14:54.818635" elapsed="0.009114"/>
</kw>
<kw name="Close Browser" owner="SeleniumLibrary">
<doc>Closes the current browser.</doc>
<status status="PASS" start="2024-05-17T23:14:54.827749" elapsed="2.113564"/>
</kw>
<doc>Check login and leave the password blank</doc>
<status status="PASS" start="2024-05-17T23:14:52.440853" elapsed="4.500460"/>
</test>
<test id="s1-s1-s1-t5" name="Module1_5" line="69">
<kw name="Open Browser" owner="SeleniumLibrary">
<msg time="2024-05-17T23:14:56.941313" level="INFO">Opening browser 'Chrome' to base url 'https://www.saucedemo.com/'.</msg>
<arg>${URL}</arg>
<arg>${Browser}</arg>
<doc>Opens a new browser instance to the optional ``url``.</doc>
<status status="PASS" start="2024-05-17T23:14:56.941313" elapsed="2.192662"/>
</kw>
<kw name="Wait Until Page Contains" owner="SeleniumLibrary">
<arg>Swag Labs</arg>
<doc>Waits until ``text`` appears on the current page.</doc>
<status status="PASS" start="2024-05-17T23:14:59.133975" elapsed="0.016196"/>
</kw>
<kw name="Input Text" owner="SeleniumLibrary">
<msg time="2024-05-17T23:14:59.151164" level="INFO">Typing text 'secret_sauce' into text field 'xpath=//*[@id="password"]'.</msg>
<arg>${password}</arg>
<arg>${correct_password}</arg>
<doc>Types the given ``text`` into the text field identified by ``locator``.</doc>
<status status="PASS" start="2024-05-17T23:14:59.151164" elapsed="0.112034"/>
</kw>
<kw name="Click Element" owner="SeleniumLibrary">
<msg time="2024-05-17T23:14:59.263198" level="INFO">Clicking element 'xpath=//*[@id="login-button"]'.</msg>
<arg>${LoginButton}</arg>
<doc>Click the element identified by ``locator``.</doc>
<status status="PASS" start="2024-05-17T23:14:59.263198" elapsed="0.051940"/>
</kw>
<kw name="Page Should Contain" owner="SeleniumLibrary">
<msg time="2024-05-17T23:14:59.328070" level="INFO">Current page contains text 'Epic sadface: Username is required'.</msg>
<arg>Epic sadface: Username is required</arg>
<doc>Verifies that current page contains ``text``.</doc>
<status status="PASS" start="2024-05-17T23:14:59.315138" elapsed="0.012932"/>
</kw>
<kw name="Close Browser" owner="SeleniumLibrary">
<doc>Closes the current browser.</doc>
<status status="PASS" start="2024-05-17T23:14:59.328070" elapsed="2.106270"/>
</kw>
<doc>Check login and leave the username blank</doc>
<status status="PASS" start="2024-05-17T23:14:56.941313" elapsed="4.493027"/>
</test>
<test id="s1-s1-s1-t6" name="Module1_6" line="78">
<kw name="Open Browser" owner="SeleniumLibrary">
<msg time="2024-05-17T23:15:01.434340" level="INFO">Opening browser 'Chrome' to base url 'https://www.saucedemo.com/'.</msg>
<arg>${URL}</arg>
<arg>${Browser}</arg>
<doc>Opens a new browser instance to the optional ``url``.</doc>
<status status="PASS" start="2024-05-17T23:15:01.434340" elapsed="2.155880"/>
</kw>
<kw name="Wait Until Page Contains" owner="SeleniumLibrary">
<arg>Swag Labs</arg>
<doc>Waits until ``text`` appears on the current page.</doc>
<status status="PASS" start="2024-05-17T23:15:03.590220" elapsed="0.012904"/>
</kw>
<kw name="Click Element" owner="SeleniumLibrary">
<msg time="2024-05-17T23:15:03.603124" level="INFO">Clicking element 'xpath=//*[@id="login-button"]'.</msg>
<arg>${LoginButton}</arg>
<doc>Click the element identified by ``locator``.</doc>
<status status="PASS" start="2024-05-17T23:15:03.603124" elapsed="0.058805"/>
</kw>
<kw name="Page Should Contain" owner="SeleniumLibrary">
<msg time="2024-05-17T23:15:03.675465" level="INFO">Current page contains text 'Epic sadface: Username is required'.</msg>
<arg>Epic sadface: Username is required</arg>
<doc>Verifies that current page contains ``text``.</doc>
<status status="PASS" start="2024-05-17T23:15:03.661929" elapsed="0.013536"/>
</kw>
<kw name="Close Browser" owner="SeleniumLibrary">
<doc>Closes the current browser.</doc>
<status status="PASS" start="2024-05-17T23:15:03.675465" elapsed="2.093984"/>
</kw>
<doc>Check login with blank username and password</doc>
<status status="PASS" start="2024-05-17T23:15:01.434340" elapsed="4.335109"/>
</test>
<test id="s1-s1-s1-t7" name="Module1_7" line="86">
<kw name="Open Browser" owner="SeleniumLibrary">
<msg time="2024-05-17T23:15:05.769449" level="INFO">Opening browser 'Chrome' to base url 'https://www.saucedemo.com/'.</msg>
<arg>${URL}</arg>
<arg>${Browser}</arg>
<doc>Opens a new browser instance to the optional ``url``.</doc>
<status status="PASS" start="2024-05-17T23:15:05.769449" elapsed="2.203676"/>
</kw>
<kw name="Wait Until Page Contains" owner="SeleniumLibrary">
<arg>Swag Labs</arg>
<doc>Waits until ``text`` appears on the current page.</doc>
<status status="PASS" start="2024-05-17T23:15:07.974137" elapsed="0.011442"/>
</kw>
<kw name="Input Text" owner="SeleniumLibrary">
<msg time="2024-05-17T23:15:07.985579" level="INFO">Typing text 'locked_out_user' into text field 'xpath =//*[@id="user-name"]'.</msg>
<arg>${username}</arg>
<arg>${locked_out_username}</arg>
<doc>Types the given ``text`` into the text field identified by ``locator``.</doc>
<status status="PASS" start="2024-05-17T23:15:07.985579" elapsed="0.118652"/>
</kw>
<kw name="Input Text" owner="SeleniumLibrary">
<msg time="2024-05-17T23:15:08.105694" level="INFO">Typing text 'secret_sauce' into text field 'xpath=//*[@id="password"]'.</msg>
<arg>${password}</arg>
<arg>${correct_password}</arg>
<doc>Types the given ``text`` into the text field identified by ``locator``.</doc>
<status status="PASS" start="2024-05-17T23:15:08.105694" elapsed="0.096784"/>
</kw>
<kw name="Click Element" owner="SeleniumLibrary">
<msg time="2024-05-17T23:15:08.202598" level="INFO">Clicking element 'xpath=//*[@id="login-button"]'.</msg>
<arg>${LoginButton}</arg>
<doc>Click the element identified by ``locator``.</doc>
<status status="PASS" start="2024-05-17T23:15:08.202598" elapsed="0.054053"/>
</kw>
<kw name="Page Should Contain" owner="SeleniumLibrary">
<msg time="2024-05-17T23:15:08.269680" level="INFO">Current page contains text 'Epic sadface: Sorry, this user has been locked out.'.</msg>
<arg>Epic sadface: Sorry, this user has been locked out.</arg>
<doc>Verifies that current page contains ``text``.</doc>
<status status="PASS" start="2024-05-17T23:15:08.256651" elapsed="0.013029"/>
</kw>
<kw name="Close Browser" owner="SeleniumLibrary">
<doc>Closes the current browser.</doc>
<status status="PASS" start="2024-05-17T23:15:08.269680" elapsed="2.099138"/>
</kw>
<doc>Check login with locked username</doc>
<status status="PASS" start="2024-05-17T23:15:05.769449" elapsed="4.599369"/>
</test>
<test id="s1-s1-s1-t8" name="Module1_8" line="96">
<kw name="Open Browser" owner="SeleniumLibrary">
<msg time="2024-05-17T23:15:10.368818" level="INFO">Opening browser 'Chrome' to base url 'https://www.saucedemo.com/'.</msg>
<arg>${URL}</arg>
<arg>${Browser}</arg>
<doc>Opens a new browser instance to the optional ``url``.</doc>
<status status="PASS" start="2024-05-17T23:15:10.368818" elapsed="2.250240"/>
</kw>
<kw name="Wait Until Page Contains" owner="SeleniumLibrary">
<arg>Swag Labs</arg>
<doc>Waits until ``text`` appears on the current page.</doc>
<status status="PASS" start="2024-05-17T23:15:12.620086" elapsed="0.011756"/>
</kw>
<kw name="Input Text" owner="SeleniumLibrary">
<msg time="2024-05-17T23:15:12.631842" level="INFO">Typing text 'standard_user' into text field 'xpath =//*[@id="user-name"]'.</msg>
<arg>${username}</arg>
<arg>${correct_username}</arg>
<doc>Types the given ``text`` into the text field identified by ``locator``.</doc>
<status status="PASS" start="2024-05-17T23:15:12.631842" elapsed="0.118090"/>
</kw>
<kw name="Input Text" owner="SeleniumLibrary">
<msg time="2024-05-17T23:15:12.751035" level="INFO">Typing text 'secret_sauce' into text field 'xpath=//*[@id="password"]'.</msg>
<arg>${password}</arg>
<arg>${correct_password}</arg>
<doc>Types the given ``text`` into the text field identified by ``locator``.</doc>
<status status="PASS" start="2024-05-17T23:15:12.751035" elapsed="0.088655"/>
</kw>
<kw name="Click Element" owner="SeleniumLibrary">
<msg time="2024-05-17T23:15:12.839690" level="INFO">Clicking element 'xpath=//*[@id="login-button"]'.</msg>
<arg>${LoginButton}</arg>
<doc>Click the element identified by ``locator``.</doc>
<status status="PASS" start="2024-05-17T23:15:12.839690" elapsed="0.072799"/>
</kw>
<kw name="Wait Until Page Contains" owner="SeleniumLibrary">
<arg>All Items</arg>
<arg>timeout=10s</arg>
<doc>Waits until ``text`` appears on the current page.</doc>
<status status="PASS" start="2024-05-17T23:15:12.913492" elapsed="0.012618"/>
</kw>
<kw name="Click Element" owner="SeleniumLibrary">
<msg time="2024-05-17T23:15:12.927148" level="INFO">Clicking element 'xpath=//*[@id="react-burger-menu-btn"]'.</msg>
<arg>${menu_button}</arg>
<doc>Click the element identified by ``locator``.</doc>
<status status="PASS" start="2024-05-17T23:15:12.926110" elapsed="0.049508"/>
</kw>
<kw name="Wait Until Element Is Visible" owner="SeleniumLibrary">
<msg time="2024-05-17T23:15:13.209441" level="INFO">${logout_link_visible} = None</msg>
<var>${logout_link_visible}</var>
<arg>${logout_link}</arg>
<doc>Waits until the element ``locator`` is visible.</doc>
<status status="PASS" start="2024-05-17T23:15:12.975618" elapsed="0.240485"/>
</kw>
<kw name="Run Keyword If" owner="BuiltIn">
<arg>'${logout_link_visible}' == 'True'</arg>
<arg>Click Element</arg>
<arg>${logout_link}</arg>
<doc>Runs the given keyword with the given arguments, if ``condition`` is true.</doc>
<status status="PASS" start="2024-05-17T23:15:13.216103" elapsed="0.000612"/>
</kw>
<kw name="Close Browser" owner="SeleniumLibrary">
<doc>Closes the current browser.</doc>
<status status="PASS" start="2024-05-17T23:15:13.216715" elapsed="2.096634"/>
</kw>
<doc>Check logout functionality</doc>
<status status="PASS" start="2024-05-17T23:15:10.368818" elapsed="4.944531"/>
</test>
<status status="PASS" start="2024-05-17T23:14:37.040201" elapsed="38.273148"/>
</suite>
<suite id="s1-s1-s2" name="Module2" source="D:\Nam_4\KiemThu\GK\mid-term test_ver2\modules\Module2.robot">
<test id="s1-s1-s2-t1" name="Module2_1" line="26">
<kw name="Open Browser" owner="SeleniumLibrary">
<msg time="2024-05-17T23:15:15.313349" level="INFO">Opening browser 'fire fox' to base url 'https://www.saucedemo.com/'.</msg>
<arg>${URL}</arg>
<arg>${browser}</arg>
<doc>Opens a new browser instance to the optional ``url``.</doc>
<status status="PASS" start="2024-05-17T23:15:15.313349" elapsed="7.377656"/>
</kw>
<kw name="Input Text" owner="SeleniumLibrary">
<msg time="2024-05-17T23:15:22.691005" level="INFO">Typing text 'standard_user' into text field 'xpath =//*[@id="user-name"]'.</msg>
<arg>${username}</arg>
<arg>${correct_username}</arg>
<doc>Types the given ``text`` into the text field identified by ``locator``.</doc>
<status status="PASS" start="2024-05-17T23:15:22.691005" elapsed="0.090877"/>
</kw>
<kw name="Input Text" owner="SeleniumLibrary">
<msg time="2024-05-17T23:15:22.781882" level="INFO">Typing text 'secret_sauce
' into text field 'xpath=//*[@id="password"]'.</msg>
<arg>${password}</arg>
<arg>${correct_password}\n</arg>
<doc>Types the given ``text`` into the text field identified by ``locator``.</doc>
<status status="PASS" start="2024-05-17T23:15:22.781882" elapsed="0.110779"/>
</kw>
<kw name="Click Button" owner="SeleniumLibrary">
<msg time="2024-05-17T23:15:22.892661" level="INFO">Clicking button 'xpath=//*[@id="login-button"]'.</msg>
<arg>${loginButton}</arg>
<doc>Clicks the button identified by ``locator``.</doc>
<status status="PASS" start="2024-05-17T23:15:22.892661" elapsed="0.309013"/>
</kw>
<kw name="Click Element" owner="SeleniumLibrary">
<msg time="2024-05-17T23:15:23.201674" level="INFO">Clicking element 'css=.inventory_list'.</msg>
<arg>${inventory}</arg>
<doc>Click the element identified by ``locator``.</doc>
<status status="PASS" start="2024-05-17T23:15:23.201674" elapsed="0.210721"/>
</kw>
<kw name="Wait Until Page Contains Element" owner="SeleniumLibrary">
<arg>${product4}</arg>
<doc>Waits until the element ``locator`` appears on the current page.</doc>
<status status="PASS" start="2024-05-17T23:15:23.412395" elapsed="0.000000"/>
</kw>
<kw name="Close Browser" owner="SeleniumLibrary">
<doc>Closes the current browser.</doc>
<status status="PASS" start="2024-05-17T23:15:23.412395" elapsed="2.694463"/>
</kw>
<doc>Check product information is displayed correct at inventory page</doc>
<status status="PASS" start="2024-05-17T23:15:15.313349" elapsed="10.793509"/>
</test>
<test id="s1-s1-s2-t2" name="Module2_2" line="36">
<kw name="Open Browser" owner="SeleniumLibrary">
<msg time="2024-05-17T23:15:26.106858" level="INFO">Opening browser 'fire fox' to base url 'https://www.saucedemo.com/'.</msg>
<arg>${URL}</arg>
<arg>${browser}</arg>
<doc>Opens a new browser instance to the optional ``url``.</doc>
<status status="PASS" start="2024-05-17T23:15:26.106858" elapsed="6.506458"/>
</kw>
<kw name="Input Text" owner="SeleniumLibrary">
<msg time="2024-05-17T23:15:32.613316" level="INFO">Typing text 'standard_user' into text field 'xpath =//*[@id="user-name"]'.</msg>
<arg>${username}</arg>
<arg>${correct_username}</arg>
<doc>Types the given ``text`` into the text field identified by ``locator``.</doc>
<status status="PASS" start="2024-05-17T23:15:32.613316" elapsed="0.087302"/>
</kw>
<kw name="Input Text" owner="SeleniumLibrary">
<msg time="2024-05-17T23:15:32.700618" level="INFO">Typing text 'secret_sauce' into text field 'xpath=//*[@id="password"]'.</msg>
<arg>${password}</arg>
<arg>${correct_password}</arg>
<doc>Types the given ``text`` into the text field identified by ``locator``.</doc>
<status status="PASS" start="2024-05-17T23:15:32.700618" elapsed="0.063683"/>
</kw>
<kw name="Click Button" owner="SeleniumLibrary">
<msg time="2024-05-17T23:15:32.764301" level="INFO">Clicking button 'xpath=//*[@id="login-button"]'.</msg>
<arg>${loginButton}</arg>
<doc>Clicks the button identified by ``locator``.</doc>
<status status="PASS" start="2024-05-17T23:15:32.764301" elapsed="0.342289"/>
</kw>
<kw name="Click Element" owner="SeleniumLibrary">
<msg time="2024-05-17T23:15:33.106590" level="INFO">Clicking element 'css=.inventory_list'.</msg>
<arg>${inventory}</arg>
<doc>Click the element identified by ``locator``.</doc>
<status status="PASS" start="2024-05-17T23:15:33.106590" elapsed="0.208957"/>
</kw>
<kw name="Wait Until Page Contains Element" owner="SeleniumLibrary">
<arg>${product4}</arg>
<doc>Waits until the element ``locator`` appears on the current page.</doc>
<status status="PASS" start="2024-05-17T23:15:33.315547" elapsed="0.000000"/>
</kw>
<kw name="Wait Until Page Contains Element" owner="SeleniumLibrary">
<arg>${product4_img_atInventory}</arg>
<arg>timeout=10s</arg>
<doc>Waits until the element ``locator`` appears on the current page.</doc>
<status status="PASS" start="2024-05-17T23:15:33.315547" elapsed="0.000000"/>
</kw>
<kw name="Close Browser" owner="SeleniumLibrary">
<doc>Closes the current browser.</doc>
<status status="PASS" start="2024-05-17T23:15:33.315547" elapsed="2.759138"/>
</kw>
<doc>Check product image is displayed correct at inventory page</doc>
<status status="PASS" start="2024-05-17T23:15:26.106858" elapsed="9.967827"/>
</test>
<test id="s1-s1-s2-t3" name="Module2_3" line="47">
<kw name="Open Browser" owner="SeleniumLibrary">
<msg time="2024-05-17T23:15:36.074685" level="INFO">Opening browser 'fire fox' to base url 'https://www.saucedemo.com/'.</msg>
<arg>${URL}</arg>
<arg>${browser}</arg>
<doc>Opens a new browser instance to the optional ``url``.</doc>
<status status="PASS" start="2024-05-17T23:15:36.074685" elapsed="6.541587"/>
</kw>
<kw name="Input Text" owner="SeleniumLibrary">
<msg time="2024-05-17T23:15:42.616272" level="INFO">Typing text 'standard_user' into text field 'xpath =//*[@id="user-name"]'.</msg>
<arg>${username}</arg>
<arg>${correct_username}</arg>
<doc>Types the given ``text`` into the text field identified by ``locator``.</doc>
<status status="PASS" start="2024-05-17T23:15:42.616272" elapsed="0.085296"/>
</kw>
<kw name="Input Text" owner="SeleniumLibrary">
<msg time="2024-05-17T23:15:42.701568" level="INFO">Typing text 'secret_sauce' into text field 'xpath=//*[@id="password"]'.</msg>
<arg>${password}</arg>
<arg>${correct_password}</arg>
<doc>Types the given ``text`` into the text field identified by ``locator``.</doc>
<status status="PASS" start="2024-05-17T23:15:42.701568" elapsed="0.047407"/>
</kw>
<kw name="Click Button" owner="SeleniumLibrary">
<msg time="2024-05-17T23:15:42.748975" level="INFO">Clicking button 'xpath=//*[@id="login-button"]'.</msg>
<arg>${loginButton}</arg>
<doc>Clicks the button identified by ``locator``.</doc>
<status status="PASS" start="2024-05-17T23:15:42.748975" elapsed="0.295325"/>
</kw>
<kw name="Click Element" owner="SeleniumLibrary">
<msg time="2024-05-17T23:15:43.044300" level="INFO">Clicking element 'css=.inventory_list'.</msg>
<arg>${inventory}</arg>
<doc>Click the element identified by ``locator``.</doc>
<status status="PASS" start="2024-05-17T23:15:43.044300" elapsed="0.218294"/>
</kw>
<kw name="Wait Until Page Contains Element" owner="SeleniumLibrary">
<arg>${product4}</arg>
<doc>Waits until the element ``locator`` appears on the current page.</doc>
<status status="PASS" start="2024-05-17T23:15:43.262594" elapsed="0.000000"/>
</kw>
<kw name="Wait Until Page Contains Element" owner="SeleniumLibrary">
<arg>${product4_name_atInventory}</arg>
<arg>timeout=10s</arg>
<doc>Waits until the element ``locator`` appears on the current page.</doc>
<status status="PASS" start="2024-05-17T23:15:43.262594" elapsed="0.000000"/>
</kw>
<kw name="Close Browser" owner="SeleniumLibrary">
<doc>Closes the current browser.</doc>
<status status="PASS" start="2024-05-17T23:15:43.262594" elapsed="2.710614"/>
</kw>
<doc>Check product name is displayed correct at inventory page</doc>
<status status="PASS" start="2024-05-17T23:15:36.074685" elapsed="9.898523"/>
</test>
<test id="s1-s1-s2-t4" name="Module2_4" line="58">
<kw name="Open Browser" owner="SeleniumLibrary">
<msg time="2024-05-17T23:15:45.973208" level="INFO">Opening browser 'fire fox' to base url 'https://www.saucedemo.com/'.</msg>
<arg>${URL}</arg>
<arg>${browser}</arg>
<doc>Opens a new browser instance to the optional ``url``.</doc>
<status status="PASS" start="2024-05-17T23:15:45.973208" elapsed="6.441762"/>
</kw>
<kw name="Input Text" owner="SeleniumLibrary">
<msg time="2024-05-17T23:15:52.414970" level="INFO">Typing text 'standard_user' into text field 'xpath =//*[@id="user-name"]'.</msg>
<arg>${username}</arg>
<arg>${correct_username}</arg>
<doc>Types the given ``text`` into the text field identified by ``locator``.</doc>
<status status="PASS" start="2024-05-17T23:15:52.414970" elapsed="0.087450"/>
</kw>
<kw name="Input Text" owner="SeleniumLibrary">
<msg time="2024-05-17T23:15:52.502420" level="INFO">Typing text 'secret_sauce' into text field 'xpath=//*[@id="password"]'.</msg>
<arg>${password}</arg>
<arg>${correct_password}</arg>
<doc>Types the given ``text`` into the text field identified by ``locator``.</doc>
<status status="PASS" start="2024-05-17T23:15:52.502420" elapsed="0.063660"/>
</kw>
<kw name="Click Button" owner="SeleniumLibrary">
<msg time="2024-05-17T23:15:52.566080" level="INFO">Clicking button 'xpath=//*[@id="login-button"]'.</msg>
<arg>${loginButton}</arg>
<doc>Clicks the button identified by ``locator``.</doc>
<status status="PASS" start="2024-05-17T23:15:52.566080" elapsed="0.309539"/>
</kw>
<kw name="Click Element" owner="SeleniumLibrary">
<msg time="2024-05-17T23:15:52.875619" level="INFO">Clicking element 'css=.inventory_list'.</msg>
<arg>${inventory}</arg>
<doc>Click the element identified by ``locator``.</doc>
<status status="PASS" start="2024-05-17T23:15:52.875619" elapsed="0.216600"/>
</kw>
<kw name="Wait Until Page Contains Element" owner="SeleniumLibrary">
<arg>${product4}</arg>
<doc>Waits until the element ``locator`` appears on the current page.</doc>
<status status="PASS" start="2024-05-17T23:15:53.092219" elapsed="0.000000"/>
</kw>
<kw name="Wait Until Page Contains Element" owner="SeleniumLibrary">
<arg>${product4_details_atInventory}</arg>
<arg>timeout=10s</arg>
<doc>Waits until the element ``locator`` appears on the current page.</doc>
<status status="PASS" start="2024-05-17T23:15:53.092219" elapsed="0.000000"/>
</kw>
<kw name="Close Browser" owner="SeleniumLibrary">
<doc>Closes the current browser.</doc>
<status status="PASS" start="2024-05-17T23:15:53.092219" elapsed="2.710661"/>
</kw>
<doc>Check product details is displayed correct at inventory page</doc>
<status status="PASS" start="2024-05-17T23:15:45.973208" elapsed="9.829672"/>
</test>
<test id="s1-s1-s2-t5" name="Module2_5" line="69">
<kw name="Open Browser" owner="SeleniumLibrary">
<msg time="2024-05-17T23:15:55.802880" level="INFO">Opening browser 'fire fox' to base url 'https://www.saucedemo.com/'.</msg>
<arg>${URL}</arg>
<arg>${browser}</arg>
<doc>Opens a new browser instance to the optional ``url``.</doc>
<status status="PASS" start="2024-05-17T23:15:55.802880" elapsed="6.508651"/>
</kw>
<kw name="Input Text" owner="SeleniumLibrary">
<msg time="2024-05-17T23:16:02.326878" level="INFO">Typing text 'standard_user' into text field 'xpath =//*[@id="user-name"]'.</msg>
<arg>${username}</arg>
<arg>${correct_username}</arg>
<doc>Types the given ``text`` into the text field identified by ``locator``.</doc>
<status status="PASS" start="2024-05-17T23:16:02.311531" elapsed="0.102060"/>
</kw>
<kw name="Input Text" owner="SeleniumLibrary">
<msg time="2024-05-17T23:16:02.413591" level="INFO">Typing text 'secret_sauce' into text field 'xpath=//*[@id="password"]'.</msg>
<arg>${password}</arg>
<arg>${correct_password}</arg>
<doc>Types the given ``text`` into the text field identified by ``locator``.</doc>
<status status="PASS" start="2024-05-17T23:16:02.413591" elapsed="0.063327"/>
</kw>
<kw name="Click Button" owner="SeleniumLibrary">
<msg time="2024-05-17T23:16:02.476918" level="INFO">Clicking button 'xpath=//*[@id="login-button"]'.</msg>
<arg>${loginButton}</arg>
<doc>Clicks the button identified by ``locator``.</doc>
<status status="PASS" start="2024-05-17T23:16:02.476918" elapsed="0.285152"/>
</kw>
<kw name="Click Element" owner="SeleniumLibrary">
<msg time="2024-05-17T23:16:02.762070" level="INFO">Clicking element 'css=.inventory_list'.</msg>
<arg>${inventory}</arg>
<doc>Click the element identified by ``locator``.</doc>
<status status="PASS" start="2024-05-17T23:16:02.762070" elapsed="0.226177"/>
</kw>
<kw name="Wait Until Page Contains Element" owner="SeleniumLibrary">
<arg>${product4}</arg>
<doc>Waits until the element ``locator`` appears on the current page.</doc>
<status status="PASS" start="2024-05-17T23:16:02.988247" elapsed="0.000000"/>
</kw>
<kw name="Wait Until Page Contains Element" owner="SeleniumLibrary">
<arg>${product4_price_atInventory}</arg>
<arg>timeout=10s</arg>
<doc>Waits until the element ``locator`` appears on the current page.</doc>
<status status="PASS" start="2024-05-17T23:16:02.988247" elapsed="0.000000"/>
</kw>
<kw name="Close Browser" owner="SeleniumLibrary">
<doc>Closes the current browser.</doc>
<status status="PASS" start="2024-05-17T23:16:02.988247" elapsed="2.705239"/>
</kw>
<doc>Check product price is displayed correct at inventory page</doc>
<status status="PASS" start="2024-05-17T23:15:55.802880" elapsed="9.890606"/>
</test>
<test id="s1-s1-s2-t6" name="Module2_6" line="80">
<kw name="Open Browser" owner="SeleniumLibrary">
<msg time="2024-05-17T23:16:05.693486" level="INFO">Opening browser 'fire fox' to base url 'https://www.saucedemo.com/'.</msg>
<arg>${URL}</arg>
<arg>${browser}</arg>
<doc>Opens a new browser instance to the optional ``url``.</doc>
<status status="PASS" start="2024-05-17T23:16:05.693486" elapsed="6.632687"/>
</kw>
<kw name="Input Text" owner="SeleniumLibrary">
<msg time="2024-05-17T23:16:12.326173" level="INFO">Typing text 'standard_user' into text field 'xpath =//*[@id="user-name"]'.</msg>
<arg>${username}</arg>
<arg>${correct_username}</arg>
<doc>Types the given ``text`` into the text field identified by ``locator``.</doc>
<status status="PASS" start="2024-05-17T23:16:12.326173" elapsed="0.086253"/>
</kw>
<kw name="Input Text" owner="SeleniumLibrary">
<msg time="2024-05-17T23:16:12.413486" level="INFO">Typing text 'secret_sauce
' into text field 'xpath=//*[@id="password"]'.</msg>
<arg>${password}</arg>
<arg>${correct_password}\n</arg>
<doc>Types the given ``text`` into the text field identified by ``locator``.</doc>
<status status="PASS" start="2024-05-17T23:16:12.412426" elapsed="0.033876"/>
</kw>
<kw name="Click Button" owner="SeleniumLibrary">
<msg time="2024-05-17T23:16:12.462256" level="INFO">Clicking button 'xpath=//*[@id="login-button"]'.</msg>
<arg>${loginButton}</arg>
<doc>Clicks the button identified by ``locator``.</doc>
<status status="PASS" start="2024-05-17T23:16:12.446302" elapsed="0.325272"/>
</kw>
<kw name="Click Element" owner="SeleniumLibrary">
<msg time="2024-05-17T23:16:12.771574" level="INFO">Clicking element 'css=.inventory_list'.</msg>
<arg>${inventory}</arg>
<doc>Click the element identified by ``locator``.</doc>
<status status="PASS" start="2024-05-17T23:16:12.771574" elapsed="0.216720"/>
</kw>
<kw name="Click Element" owner="SeleniumLibrary">
<msg time="2024-05-17T23:16:12.988294" level="INFO">Clicking element 'xpath=/html/body/div/div/div/div[2]/div/div/div/div[1]/div[1]/a'.</msg>
<arg>${product4}</arg>
<doc>Click the element identified by ``locator``.</doc>
<status status="PASS" start="2024-05-17T23:16:12.988294" elapsed="0.221688"/>
</kw>
<kw name="Wait Until Page Contains Element" owner="SeleniumLibrary">
<arg>${product4_img}</arg>
<arg>timeout=10s</arg>
<doc>Waits until the element ``locator`` appears on the current page.</doc>
<status status="PASS" start="2024-05-17T23:16:13.209982" elapsed="0.000000"/>
</kw>
<kw name="Close Browser" owner="SeleniumLibrary">
<doc>Closes the current browser.</doc>
<status status="PASS" start="2024-05-17T23:16:13.209982" elapsed="2.705620"/>
</kw>
<doc>Check product image is displayed after clicking the product</doc>
<status status="PASS" start="2024-05-17T23:16:05.693486" elapsed="10.222116"/>
</test>
<test id="s1-s1-s2-t7" name="Module2_7" line="91">
<kw name="Open Browser" owner="SeleniumLibrary">
<msg time="2024-05-17T23:16:15.915602" level="INFO">Opening browser 'fire fox' to base url 'https://www.saucedemo.com/'.</msg>
<arg>${URL}</arg>
<arg>${browser}</arg>
<doc>Opens a new browser instance to the optional ``url``.</doc>
<status status="PASS" start="2024-05-17T23:16:15.915602" elapsed="6.420966"/>
</kw>
<kw name="Input Text" owner="SeleniumLibrary">
<msg time="2024-05-17T23:16:22.336568" level="INFO">Typing text 'standard_user' into text field 'xpath =//*[@id="user-name"]'.</msg>
<arg>${username}</arg>
<arg>${correct_username}</arg>
<doc>Types the given ``text`` into the text field identified by ``locator``.</doc>
<status status="PASS" start="2024-05-17T23:16:22.336568" elapsed="0.093136"/>
</kw>
<kw name="Input Text" owner="SeleniumLibrary">
<msg time="2024-05-17T23:16:22.429704" level="INFO">Typing text 'secret_sauce' into text field 'xpath=//*[@id="password"]'.</msg>
<arg>${password}</arg>
<arg>${correct_password}</arg>
<doc>Types the given ``text`` into the text field identified by ``locator``.</doc>
<status status="PASS" start="2024-05-17T23:16:22.429704" elapsed="0.047862"/>
</kw>
<kw name="Click Button" owner="SeleniumLibrary">
<msg time="2024-05-17T23:16:22.477566" level="INFO">Clicking button 'xpath=//*[@id="login-button"]'.</msg>
<arg>${loginButton}</arg>
<doc>Clicks the button identified by ``locator``.</doc>
<status status="PASS" start="2024-05-17T23:16:22.477566" elapsed="0.310673"/>
</kw>
<kw name="Click Element" owner="SeleniumLibrary">
<msg time="2024-05-17T23:16:22.788239" level="INFO">Clicking element 'css=.inventory_list'.</msg>
<arg>${inventory}</arg>
<doc>Click the element identified by ``locator``.</doc>
<status status="PASS" start="2024-05-17T23:16:22.788239" elapsed="0.215738"/>
</kw>
<kw name="Click Element" owner="SeleniumLibrary">
<msg time="2024-05-17T23:16:23.003977" level="INFO">Clicking element 'xpath=/html/body/div/div/div/div[2]/div/div/div/div[1]/div[1]/a'.</msg>
<arg>${product4}</arg>
<doc>Click the element identified by ``locator``.</doc>
<status status="PASS" start="2024-05-17T23:16:23.003977" elapsed="0.221694"/>
</kw>
<kw name="Wait Until Page Contains Element" owner="SeleniumLibrary">
<arg>${product4_name}</arg>
<arg>timeout=10s</arg>
<doc>Waits until the element ``locator`` appears on the current page.</doc>
<status status="PASS" start="2024-05-17T23:16:23.225671" elapsed="0.000000"/>
</kw>
<kw name="Close Browser" owner="SeleniumLibrary">
<doc>Closes the current browser.</doc>
<status status="PASS" start="2024-05-17T23:16:23.225671" elapsed="2.738729"/>
</kw>
<doc>Check product name is displayed after clicking the product</doc>
<status status="PASS" start="2024-05-17T23:16:15.915602" elapsed="10.048798"/>
</test>
<test id="s1-s1-s2-t8" name="Module2_8" line="102">
<kw name="Open Browser" owner="SeleniumLibrary">
<msg time="2024-05-17T23:16:25.964400" level="INFO">Opening browser 'fire fox' to base url 'https://www.saucedemo.com/'.</msg>
<arg>${URL}</arg>
<arg>${browser}</arg>
<doc>Opens a new browser instance to the optional ``url``.</doc>
<status status="PASS" start="2024-05-17T23:16:25.964400" elapsed="6.706683"/>
</kw>
<kw name="Input Text" owner="SeleniumLibrary">
<msg time="2024-05-17T23:16:32.671083" level="INFO">Typing text 'standard_user' into text field 'xpath =//*[@id="user-name"]'.</msg>
<arg>${username}</arg>
<arg>${correct_username}</arg>
<doc>Types the given ``text`` into the text field identified by ``locator``.</doc>
<status status="PASS" start="2024-05-17T23:16:32.671083" elapsed="0.087352"/>
</kw>
<kw name="Input Text" owner="SeleniumLibrary">
<msg time="2024-05-17T23:16:32.758435" level="INFO">Typing text 'secret_sauce' into text field 'xpath=//*[@id="password"]'.</msg>
<arg>${password}</arg>
<arg>${correct_password}</arg>
<doc>Types the given ``text`` into the text field identified by ``locator``.</doc>
<status status="PASS" start="2024-05-17T23:16:32.758435" elapsed="0.047533"/>
</kw>
<kw name="Click Button" owner="SeleniumLibrary">
<msg time="2024-05-17T23:16:32.805968" level="INFO">Clicking button 'xpath=//*[@id="login-button"]'.</msg>
<arg>${loginButton}</arg>
<doc>Clicks the button identified by ``locator``.</doc>
<status status="PASS" start="2024-05-17T23:16:32.805968" elapsed="0.324878"/>
</kw>
<kw name="Click Element" owner="SeleniumLibrary">
<msg time="2024-05-17T23:16:33.130846" level="INFO">Clicking element 'css=.inventory_list'.</msg>
<arg>${inventory}</arg>
<doc>Click the element identified by ``locator``.</doc>
<status status="PASS" start="2024-05-17T23:16:33.130846" elapsed="0.217216"/>
</kw>
<kw name="Click Element" owner="SeleniumLibrary">
<msg time="2024-05-17T23:16:33.348062" level="INFO">Clicking element 'xpath=/html/body/div/div/div/div[2]/div/div/div/div[1]/div[1]/a'.</msg>
<arg>${product4}</arg>
<doc>Click the element identified by ``locator``.</doc>
<status status="PASS" start="2024-05-17T23:16:33.348062" elapsed="0.221627"/>
</kw>
<kw name="Wait Until Page Contains Element" owner="SeleniumLibrary">
<arg>${product4_details}</arg>
<arg>timeout=10s</arg>
<doc>Waits until the element ``locator`` appears on the current page.</doc>
<status status="PASS" start="2024-05-17T23:16:33.569689" elapsed="0.000000"/>
</kw>
<kw name="Close Browser" owner="SeleniumLibrary">
<doc>Closes the current browser.</doc>
<status status="PASS" start="2024-05-17T23:16:33.569689" elapsed="2.693565"/>
</kw>
<doc>Check product details is displayed after clicking the product</doc>
<status status="PASS" start="2024-05-17T23:16:25.964400" elapsed="10.298854"/>
</test>
<test id="s1-s1-s2-t9" name="Module2_9" line="113">
<kw name="Open Browser" owner="SeleniumLibrary">
<msg time="2024-05-17T23:16:36.263254" level="INFO">Opening browser 'fire fox' to base url 'https://www.saucedemo.com/'.</msg>
<arg>${URL}</arg>
<arg>${browser}</arg>
<doc>Opens a new browser instance to the optional ``url``.</doc>
<status status="PASS" start="2024-05-17T23:16:36.263254" elapsed="6.449868"/>
</kw>
<kw name="Input Text" owner="SeleniumLibrary">
<msg time="2024-05-17T23:16:42.713122" level="INFO">Typing text 'standard_user' into text field 'xpath =//*[@id="user-name"]'.</msg>
<arg>${username}</arg>
<arg>${correct_username}</arg>
<doc>Types the given ``text`` into the text field identified by ``locator``.</doc>
<status status="PASS" start="2024-05-17T23:16:42.713122" elapsed="0.091639"/>
</kw>
<kw name="Input Text" owner="SeleniumLibrary">
<msg time="2024-05-17T23:16:42.804761" level="INFO">Typing text 'secret_sauce' into text field 'xpath=//*[@id="password"]'.</msg>
<arg>${password}</arg>
<arg>${correct_password}</arg>
<doc>Types the given ``text`` into the text field identified by ``locator``.</doc>
<status status="PASS" start="2024-05-17T23:16:42.804761" elapsed="0.056492"/>
</kw>
<kw name="Click Button" owner="SeleniumLibrary">
<msg time="2024-05-17T23:16:42.877087" level="INFO">Clicking button 'xpath=//*[@id="login-button"]'.</msg>
<arg>${loginButton}</arg>
<doc>Clicks the button identified by ``locator``.</doc>
<status status="PASS" start="2024-05-17T23:16:42.861253" elapsed="0.343477"/>
</kw>
<kw name="Click Element" owner="SeleniumLibrary">
<msg time="2024-05-17T23:16:43.204730" level="INFO">Clicking element 'css=.inventory_list'.</msg>
<arg>${inventory}</arg>
<doc>Click the element identified by ``locator``.</doc>
<status status="PASS" start="2024-05-17T23:16:43.204730" elapsed="0.214370"/>
</kw>
<kw name="Click Element" owner="SeleniumLibrary">
<msg time="2024-05-17T23:16:43.419100" level="INFO">Clicking element 'xpath=/html/body/div/div/div/div[2]/div/div/div/div[1]/div[1]/a'.</msg>
<arg>${product4}</arg>
<doc>Click the element identified by ``locator``.</doc>
<status status="PASS" start="2024-05-17T23:16:43.419100" elapsed="0.221637"/>
</kw>
<kw name="Wait Until Page Contains Element" owner="SeleniumLibrary">
<arg>${product4_price}</arg>
<arg>timeout=10s</arg>
<doc>Waits until the element ``locator`` appears on the current page.</doc>
<status status="PASS" start="2024-05-17T23:16:43.640737" elapsed="0.000000"/>
</kw>
<kw name="Close Browser" owner="SeleniumLibrary">
<doc>Closes the current browser.</doc>
<status status="PASS" start="2024-05-17T23:16:43.640737" elapsed="2.705147"/>
</kw>
<doc>Check product price is displayed after clicking the product</doc>
<status status="PASS" start="2024-05-17T23:16:36.263254" elapsed="10.082630"/>
</test>
<status status="PASS" start="2024-05-17T23:15:15.313349" elapsed="91.032535"/>
</suite>
<suite id="s1-s1-s3" name="Module3" source="D:\Nam_4\KiemThu\GK\mid-term test_ver2\modules\Module3.robot">
<test id="s1-s1-s3-t1" name="Module3_1" line="27">
<kw name="Open Browser" owner="SeleniumLibrary">
<msg time="2024-05-17T23:16:46.361520" level="INFO">Opening browser 'Chrome' to base url 'https://www.saucedemo.com/'.</msg>
<arg>${URL}</arg>
<arg>${browser}</arg>
<doc>Opens a new browser instance to the optional ``url``.</doc>
<status status="PASS" start="2024-05-17T23:16:46.361520" elapsed="2.251984"/>
</kw>
<kw name="Input Text" owner="SeleniumLibrary">
<msg time="2024-05-17T23:16:48.613504" level="INFO">Typing text 'standard_user' into text field 'xpath =//*[@id="user-name"]'.</msg>
<arg>${username}</arg>
<arg>${correct_username}</arg>
<doc>Types the given ``text`` into the text field identified by ``locator``.</doc>
<status status="PASS" start="2024-05-17T23:16:48.613504" elapsed="0.136413"/>
</kw>
<kw name="Input Text" owner="SeleniumLibrary">
<msg time="2024-05-17T23:16:48.750935" level="INFO">Typing text 'secret_sauce' into text field 'xpath=//*[@id="password"]'.</msg>
<arg>${password}</arg>
<arg>${correct_password}</arg>
<doc>Types the given ``text`` into the text field identified by ``locator``.</doc>
<status status="PASS" start="2024-05-17T23:16:48.750935" elapsed="0.107475"/>
</kw>
<kw name="Click Element" owner="SeleniumLibrary">
<msg time="2024-05-17T23:16:48.859911" level="INFO">Clicking element 'xpath=//*[@id="login-button"]'.</msg>
<arg>${LoginButton}</arg>
<doc>Click the element identified by ``locator``.</doc>
<status status="PASS" start="2024-05-17T23:16:48.859911" elapsed="0.084031"/>
</kw>
<kw name="Wait Until Page Contains Element" owner="SeleniumLibrary">
<arg>${ProductList}</arg>
<doc>Waits until the element ``locator`` appears on the current page.</doc>
<status status="PASS" start="2024-05-17T23:16:48.944945" elapsed="0.005255"/>
</kw>
<kw name="Get WebElements" owner="SeleniumLibrary">
<msg time="2024-05-17T23:16:48.971852" level="INFO">${product_elements} = []</msg>
<var>${product_elements}</var>
<arg>${ProductNames}</arg>
<doc>Returns a list of WebElement objects matching the ``locator``.</doc>
<status status="PASS" start="2024-05-17T23:16:48.950200" elapsed="0.021652"/>
</kw>
<kw name="Create List" owner="BuiltIn">
<msg time="2024-05-17T23:16:48.972857" level="INFO">${product_names} = []</msg>
<var>${product_names}</var>
<doc>Returns a list containing given items.</doc>
<status status="PASS" start="2024-05-17T23:16:48.972857" elapsed="0.000000"/>
</kw>
<for flavor="IN">
<iter>
<kw name="Get Text" owner="SeleniumLibrary">
<var>${text}</var>
<arg>${element}</arg>
<doc>Returns the text value of the element identified by ``locator``.</doc>
<status status="NOT RUN" start="2024-05-17T23:16:48.973863" elapsed="0.000000"/>
</kw>
<kw name="Append To List" owner="Collections">
<arg>${product_names}</arg>
<arg>${text}</arg>
<doc>Adds ``values`` to the end of ``list``.</doc>
<status status="NOT RUN" start="2024-05-17T23:16:48.973863" elapsed="0.001036"/>
</kw>
<var name="${element}"/>
<status status="NOT RUN" start="2024-05-17T23:16:48.973863" elapsed="0.001036"/>
</iter>
<var>${element}</var>
<value>@{product_elements}</value>
<status status="NOT RUN" start="2024-05-17T23:16:48.973863" elapsed="0.001036"/>
</for>
<kw name="Log" owner="BuiltIn">
<msg time="2024-05-17T23:16:48.974899" level="INFO">Product Names: []</msg>
<arg>Product Names: ${product_names}</arg>
<doc>Logs the given message with the given level.</doc>
<status status="PASS" start="2024-05-17T23:16:48.974899" elapsed="0.001011"/>
</kw>
<kw name="Close Browser" owner="SeleniumLibrary">
<doc>Closes the current browser.</doc>
<status status="PASS" start="2024-05-17T23:16:48.976916" elapsed="2.102506"/>
</kw>
<doc>Sort products from A to Z on SauceDemo website</doc>
<status status="PASS" start="2024-05-17T23:16:46.361520" elapsed="4.717902"/>
</test>
<test id="s1-s1-s3-t2" name="Module3_2" line="43">
<kw name="Open Browser" owner="SeleniumLibrary">
<msg time="2024-05-17T23:16:51.079422" level="INFO">Opening browser 'Chrome' to base url 'https://www.saucedemo.com/'.</msg>
<arg>${URL}</arg>
<arg>${Browser}</arg>
<doc>Opens a new browser instance to the optional ``url``.</doc>
<status status="PASS" start="2024-05-17T23:16:51.079422" elapsed="2.250679"/>
</kw>
<kw name="Input Text" owner="SeleniumLibrary">
<msg time="2024-05-17T23:16:53.331749" level="INFO">Typing text 'standard_user' into text field 'xpath =//*[@id="user-name"]'.</msg>
<arg>${username}</arg>
<arg>${correct_username}</arg>
<doc>Types the given ``text`` into the text field identified by ``locator``.</doc>
<status status="PASS" start="2024-05-17T23:16:53.331749" elapsed="0.113394"/>
</kw>
<kw name="Input Text" owner="SeleniumLibrary">
<msg time="2024-05-17T23:16:53.445143" level="INFO">Typing text 'secret_sauce' into text field 'xpath=//*[@id="password"]'.</msg>
<arg>${password}</arg>
<arg>${correct_password}</arg>
<doc>Types the given ``text`` into the text field identified by ``locator``.</doc>
<status status="PASS" start="2024-05-17T23:16:53.445143" elapsed="0.094867"/>
</kw>
<kw name="Click Element" owner="SeleniumLibrary">
<msg time="2024-05-17T23:16:53.540010" level="INFO">Clicking element 'xpath=//*[@id="login-button"]'.</msg>
<arg>${LoginButton}</arg>
<doc>Click the element identified by ``locator``.</doc>
<status status="PASS" start="2024-05-17T23:16:53.540010" elapsed="0.069692"/>
</kw>
<kw name="Wait Until Page Contains Element" owner="SeleniumLibrary">
<arg>${ProductList}</arg>
<doc>Waits until the element ``locator`` appears on the current page.</doc>
<status status="PASS" start="2024-05-17T23:16:53.616459" elapsed="0.013937"/>
</kw>
<kw name="Get WebElements" owner="SeleniumLibrary">
<msg time="2024-05-17T23:16:53.639414" level="INFO">${product_elements} = []</msg>
<var>${product_elements}</var>
<arg>${ProductNames}</arg>
<doc>Returns a list of WebElement objects matching the ``locator``.</doc>
<status status="PASS" start="2024-05-17T23:16:53.630396" elapsed="0.010028"/>
</kw>
<kw name="Create List" owner="BuiltIn">
<msg time="2024-05-17T23:16:53.640424" level="INFO">${product_names} = []</msg>
<var>${product_names}</var>
<doc>Returns a list containing given items.</doc>
<status status="PASS" start="2024-05-17T23:16:53.640424" elapsed="0.001010"/>
</kw>
<for flavor="IN">
<iter>
<kw name="Get Text" owner="SeleniumLibrary">
<var>${text}</var>
<arg>${element}</arg>
<doc>Returns the text value of the element identified by ``locator``.</doc>
<status status="NOT RUN" start="2024-05-17T23:16:53.643465" elapsed="0.000000"/>
</kw>
<kw name="Append To List" owner="Collections">
<arg>${product_names}</arg>
<arg>${text}</arg>
<doc>Adds ``values`` to the end of ``list``.</doc>
<status status="NOT RUN" start="2024-05-17T23:16:53.644522" elapsed="0.000000"/>
</kw>
<var name="${element}"/>
<status status="NOT RUN" start="2024-05-17T23:16:53.642446" elapsed="0.002076"/>
</iter>
<var>${element}</var>
<value>@{product_elements}</value>
<status status="NOT RUN" start="2024-05-17T23:16:53.641434" elapsed="0.004095"/>
</for>
<kw name="Evaluate" owner="BuiltIn">
<msg time="2024-05-17T23:16:53.646710" level="INFO">${sorted_product_names} = []</msg>
<var>${sorted_product_names}</var>
<arg>sorted(${product_names}, reverse=True)</arg>
<doc>Evaluates the given expression in Python and returns the result.</doc>
<status status="PASS" start="2024-05-17T23:16:53.645529" elapsed="0.001181"/>
</kw>
<kw name="Log" owner="BuiltIn">
<msg time="2024-05-17T23:16:53.648750" level="INFO">Product Names (Z to A): []</msg>
<arg>Product Names (Z to A): ${sorted_product_names}</arg>
<doc>Logs the given message with the given level.</doc>
<status status="PASS" start="2024-05-17T23:16:53.647710" elapsed="0.001963"/>
</kw>
<kw name="Close Browser" owner="SeleniumLibrary">
<doc>Closes the current browser.</doc>
<status status="PASS" start="2024-05-17T23:16:53.649673" elapsed="2.094519"/>
</kw>
<doc>Sort products from Z to A on SauceDemo website</doc>
<status status="PASS" start="2024-05-17T23:16:51.079422" elapsed="4.664770"/>
</test>
<test id="s1-s1-s3-t3" name="Module3_3" line="60">
<kw name="Open Browser" owner="SeleniumLibrary">
<msg time="2024-05-17T23:16:55.746708" level="INFO">Opening browser 'Chrome' to base url 'https://www.saucedemo.com/'.</msg>
<arg>${URL}</arg>
<arg>${Browser}</arg>
<doc>Opens a new browser instance to the optional ``url``.</doc>
<status status="PASS" start="2024-05-17T23:16:55.744192" elapsed="2.184683"/>
</kw>
<kw name="Input Text" owner="SeleniumLibrary">
<msg time="2024-05-17T23:16:57.929902" level="INFO">Typing text 'standard_user' into text field 'xpath =//*[@id="user-name"]'.</msg>
<arg>${username}</arg>
<arg>${correct_username}</arg>
<doc>Types the given ``text`` into the text field identified by ``locator``.</doc>
<status status="PASS" start="2024-05-17T23:16:57.928875" elapsed="0.116116"/>
</kw>
<kw name="Input Text" owner="SeleniumLibrary">
<msg time="2024-05-17T23:16:58.044991" level="INFO">Typing text 'secret_sauce' into text field 'xpath=//*[@id="password"]'.</msg>
<arg>${password}</arg>
<arg>${correct_password}</arg>
<doc>Types the given ``text`` into the text field identified by ``locator``.</doc>
<status status="PASS" start="2024-05-17T23:16:58.044991" elapsed="0.090578"/>
</kw>
<kw name="Click Element" owner="SeleniumLibrary">
<msg time="2024-05-17T23:16:58.136569" level="INFO">Clicking element 'xpath=//*[@id="login-button"]'.</msg>
<arg>${LoginButton}</arg>
<doc>Click the element identified by ``locator``.</doc>
<status status="PASS" start="2024-05-17T23:16:58.135569" elapsed="0.076102"/>
</kw>
<kw name="Wait Until Page Contains Element" owner="SeleniumLibrary">
<arg>${ProductList}</arg>
<doc>Waits until the element ``locator`` appears on the current page.</doc>
<status status="PASS" start="2024-05-17T23:16:58.212676" elapsed="0.011295"/>
</kw>
<kw name="Click Element" owner="SeleniumLibrary">
<msg time="2024-05-17T23:16:58.224993" level="INFO">Clicking element 'xpath=//*[@id="header_container"]/div[2]/div/span/select'.</msg>
<arg>${SortDropdown}</arg>
<doc>Click the element identified by ``locator``.</doc>
<status status="PASS" start="2024-05-17T23:16:58.223971" elapsed="0.056826"/>
</kw>
<kw name="Click Element" owner="SeleniumLibrary">
<msg time="2024-05-17T23:16:58.281794" level="INFO">Clicking element 'xpath= //*[@id="header_container"]/div[2]/div/span/select/option[4]'.</msg>
<arg>${SortOptionHighToLow}</arg>
<doc>Click the element identified by ``locator``.</doc>
<status status="PASS" start="2024-05-17T23:16:58.280797" elapsed="0.039963"/>
</kw>
<kw name="Wait Until Page Contains Element" owner="SeleniumLibrary">
<arg>${ProductList}</arg>
<doc>Waits until the element ``locator`` appears on the current page.</doc>
<status status="PASS" start="2024-05-17T23:16:58.320760" elapsed="0.006092"/>
</kw>
<kw name="Get WebElements" owner="SeleniumLibrary">
<msg time="2024-05-17T23:16:58.336290" level="INFO">${product_elements} = [&lt;selenium.webdriver.remote.webelement.WebElement (session="6bc1e257b9512e7a2d48dcddfb2e7917", element="f.2F390F954FAB62469B494EA23262CDD1.d.15B6E2AB4F1DD66C3CE03CF1EAE367B7.e.39")&gt;, &lt;selenium.webdriv...</msg>
<var>${product_elements}</var>
<arg>${ProductPrice}</arg>
<doc>Returns a list of WebElement objects matching the ``locator``.</doc>
<status status="PASS" start="2024-05-17T23:16:58.328029" elapsed="0.009282"/>
</kw>
<kw name="Create List" owner="BuiltIn">
<msg time="2024-05-17T23:16:58.337311" level="INFO">${product_prices} = []</msg>
<var>${product_prices}</var>
<doc>Returns a list containing given items.</doc>
<status status="PASS" start="2024-05-17T23:16:58.337311" elapsed="0.000000"/>
</kw>
<for flavor="IN">
<iter>
<kw name="Get Text" owner="SeleniumLibrary">
<msg time="2024-05-17T23:16:58.339415" level="INFO">${text} = $49.99</msg>
<var>${text}</var>
<arg>${element}</arg>
<doc>Returns the text value of the element identified by ``locator``.</doc>
<status status="PASS" start="2024-05-17T23:16:58.338331" elapsed="0.001084"/>
</kw>
<kw name="Append To List" owner="Collections">
<arg>${product_prices}</arg>
<arg>${text}</arg>
<doc>Adds ``values`` to the end of ``list``.</doc>
<status status="PASS" start="2024-05-17T23:16:58.339415" elapsed="0.000000"/>
</kw>
<var name="${element}">&lt;selenium.webdriver.remote.webelement.WebElement (session="6bc1e257b9512e7a2d48dcddfb2e7917", element="f.2F390F954FAB62469B494EA23262CDD1.d.15B6E2AB4F1DD66C3CE03CF1EAE367B7.e.39")&gt;</var>
<status status="PASS" start="2024-05-17T23:16:58.338331" elapsed="0.001084"/>
</iter>
<iter>
<kw name="Get Text" owner="SeleniumLibrary">
<msg time="2024-05-17T23:16:58.355053" level="INFO">${text} = $29.99</msg>
<var>${text}</var>
<arg>${element}</arg>
<doc>Returns the text value of the element identified by ``locator``.</doc>
<status status="PASS" start="2024-05-17T23:16:58.339415" elapsed="0.015638"/>
</kw>
<kw name="Append To List" owner="Collections">
<arg>${product_prices}</arg>
<arg>${text}</arg>
<doc>Adds ``values`` to the end of ``list``.</doc>
<status status="PASS" start="2024-05-17T23:16:58.355053" elapsed="0.000000"/>
</kw>
<var name="${element}">&lt;selenium.webdriver.remote.webelement.WebElement (session="6bc1e257b9512e7a2d48dcddfb2e7917", element="f.2F390F954FAB62469B494EA23262CDD1.d.15B6E2AB4F1DD66C3CE03CF1EAE367B7.e.40")&gt;</var>
<status status="PASS" start="2024-05-17T23:16:58.339415" elapsed="0.015638"/>
</iter>
<iter>
<kw name="Get Text" owner="SeleniumLibrary">
<msg time="2024-05-17T23:16:58.355053" level="INFO">${text} = $15.99</msg>
<var>${text}</var>
<arg>${element}</arg>
<doc>Returns the text value of the element identified by ``locator``.</doc>
<status status="PASS" start="2024-05-17T23:16:58.355053" elapsed="0.000000"/>
</kw>
<kw name="Append To List" owner="Collections">
<arg>${product_prices}</arg>
<arg>${text}</arg>
<doc>Adds ``values`` to the end of ``list``.</doc>
<status status="PASS" start="2024-05-17T23:16:58.355053" elapsed="0.000000"/>
</kw>
<var name="${element}">&lt;selenium.webdriver.remote.webelement.WebElement (session="6bc1e257b9512e7a2d48dcddfb2e7917", element="f.2F390F954FAB62469B494EA23262CDD1.d.15B6E2AB4F1DD66C3CE03CF1EAE367B7.e.41")&gt;</var>
<status status="PASS" start="2024-05-17T23:16:58.355053" elapsed="0.000000"/>
</iter>
<iter>
<kw name="Get Text" owner="SeleniumLibrary">
<msg time="2024-05-17T23:16:58.370847" level="INFO">${text} = $15.99</msg>
<var>${text}</var>
<arg>${element}</arg>
<doc>Returns the text value of the element identified by ``locator``.</doc>
<status status="PASS" start="2024-05-17T23:16:58.355053" elapsed="0.015794"/>
</kw>
<kw name="Append To List" owner="Collections">
<arg>${product_prices}</arg>
<arg>${text}</arg>
<doc>Adds ``values`` to the end of ``list``.</doc>
<status status="PASS" start="2024-05-17T23:16:58.370847" elapsed="0.000000"/>
</kw>
<var name="${element}">&lt;selenium.webdriver.remote.webelement.WebElement (session="6bc1e257b9512e7a2d48dcddfb2e7917", element="f.2F390F954FAB62469B494EA23262CDD1.d.15B6E2AB4F1DD66C3CE03CF1EAE367B7.e.42")&gt;</var>
<status status="PASS" start="2024-05-17T23:16:58.355053" elapsed="0.015794"/>
</iter>
<iter>
<kw name="Get Text" owner="SeleniumLibrary">
<msg time="2024-05-17T23:16:58.370847" level="INFO">${text} = $9.99</msg>
<var>${text}</var>
<arg>${element}</arg>
<doc>Returns the text value of the element identified by ``locator``.</doc>
<status status="PASS" start="2024-05-17T23:16:58.370847" elapsed="0.000000"/>
</kw>
<kw name="Append To List" owner="Collections">
<arg>${product_prices}</arg>
<arg>${text}</arg>
<doc>Adds ``values`` to the end of ``list``.</doc>
<status status="PASS" start="2024-05-17T23:16:58.370847" elapsed="0.000000"/>
</kw>
<var name="${element}">&lt;selenium.webdriver.remote.webelement.WebElement (session="6bc1e257b9512e7a2d48dcddfb2e7917", element="f.2F390F954FAB62469B494EA23262CDD1.d.15B6E2AB4F1DD66C3CE03CF1EAE367B7.e.43")&gt;</var>
<status status="PASS" start="2024-05-17T23:16:58.370847" elapsed="0.000000"/>
</iter>
<iter>
<kw name="Get Text" owner="SeleniumLibrary">
<msg time="2024-05-17T23:16:58.392394" level="INFO">${text} = $7.99</msg>
<var>${text}</var>
<arg>${element}</arg>
<doc>Returns the text value of the element identified by ``locator``.</doc>
<status status="PASS" start="2024-05-17T23:16:58.370847" elapsed="0.021547"/>
</kw>
<kw name="Append To List" owner="Collections">
<arg>${product_prices}</arg>
<arg>${text}</arg>
<doc>Adds ``values`` to the end of ``list``.</doc>
<status status="PASS" start="2024-05-17T23:16:58.393406" elapsed="0.000000"/>
</kw>
<var name="${element}">&lt;selenium.webdriver.remote.webelement.WebElement (session="6bc1e257b9512e7a2d48dcddfb2e7917", element="f.2F390F954FAB62469B494EA23262CDD1.d.15B6E2AB4F1DD66C3CE03CF1EAE367B7.e.44")&gt;</var>
<status status="PASS" start="2024-05-17T23:16:58.370847" elapsed="0.022559"/>
</iter>
<var>${element}</var>
<value>@{product_elements}</value>
<status status="PASS" start="2024-05-17T23:16:58.338331" elapsed="0.055075"/>
</for>
<kw name="Evaluate" owner="BuiltIn">
<msg time="2024-05-17T23:16:58.397499" level="INFO">${sorted_prices} = ['$49.99', '$29.99', '$15.99', '$15.99', '$9.99', '$7.99']</msg>
<var>${sorted_prices}</var>
<arg>sorted(${product_prices}, key=lambda x: float(x[1:].replace('$', '')), reverse=True)</arg>
<doc>Evaluates the given expression in Python and returns the result.</doc>
<status status="PASS" start="2024-05-17T23:16:58.394427" elapsed="0.003072"/>
</kw>
<kw name="Lists Should Be Equal" owner="Collections">
<msg time="2024-05-17T23:16:58.398481" level="INFO">False</msg>
<arg>${product_prices}</arg>
<arg>${sorted_prices}</arg>
<doc>Fails if given lists are unequal.</doc>
<status status="PASS" start="2024-05-17T23:16:58.397499" elapsed="0.000982"/>
</kw>
<kw name="Close Browser" owner="SeleniumLibrary">
<doc>Closes the current browser.</doc>
<status status="PASS" start="2024-05-17T23:16:58.398481" elapsed="2.099184"/>
</kw>
<doc>Sort products from high to low on SauceDemo website</doc>
<status status="PASS" start="2024-05-17T23:16:55.744192" elapsed="4.753473"/>
</test>
<test id="s1-s1-s3-t4" name="Module3_4" line="80">
<kw name="Open Browser" owner="SeleniumLibrary">
<msg time="2024-05-17T23:17:00.497665" level="INFO">Opening browser 'Chrome' to base url 'https://www.saucedemo.com/'.</msg>
<arg>${URL}</arg>
<arg>${Browser}</arg>
<doc>Opens a new browser instance to the optional ``url``.</doc>
<status status="PASS" start="2024-05-17T23:17:00.497665" elapsed="2.195318"/>
</kw>
<kw name="Input Text" owner="SeleniumLibrary">
<msg time="2024-05-17T23:17:02.692983" level="INFO">Typing text 'standard_user' into text field 'xpath =//*[@id="user-name"]'.</msg>
<arg>${username}</arg>
<arg>${correct_username}</arg>
<doc>Types the given ``text`` into the text field identified by ``locator``.</doc>
<status status="PASS" start="2024-05-17T23:17:02.692983" elapsed="0.113351"/>
</kw>
<kw name="Input Text" owner="SeleniumLibrary">
<msg time="2024-05-17T23:17:02.806334" level="INFO">Typing text 'secret_sauce' into text field 'xpath=//*[@id="password"]'.</msg>
<arg>${password}</arg>
<arg>${correct_password}</arg>
<doc>Types the given ``text`` into the text field identified by ``locator``.</doc>
<status status="PASS" start="2024-05-17T23:17:02.806334" elapsed="0.094052"/>
</kw>
<kw name="Click Element" owner="SeleniumLibrary">
<msg time="2024-05-17T23:17:02.901021" level="INFO">Clicking element 'xpath=//*[@id="login-button"]'.</msg>
<arg>${LoginButton}</arg>
<doc>Click the element identified by ``locator``.</doc>
<status status="PASS" start="2024-05-17T23:17:02.901021" elapsed="0.071430"/>
</kw>
<kw name="Wait Until Page Contains Element" owner="SeleniumLibrary">
<arg>${ProductList}</arg>
<doc>Waits until the element ``locator`` appears on the current page.</doc>
<status status="PASS" start="2024-05-17T23:17:02.973452" elapsed="0.010665"/>
</kw>
<kw name="Click Element" owner="SeleniumLibrary">
<msg time="2024-05-17T23:17:02.984117" level="INFO">Clicking element 'xpath=//*[@id="header_container"]/div[2]/div/span/select'.</msg>
<arg>${SortDropdown}</arg>
<doc>Click the element identified by ``locator``.</doc>
<status status="PASS" start="2024-05-17T23:17:02.984117" elapsed="0.056206"/>
</kw>
<kw name="Click Element" owner="SeleniumLibrary">
<msg time="2024-05-17T23:17:03.041323" level="INFO">Clicking element 'xpath=//*[@id="header_container"]/div[2]/div/span/select/option[3]'.</msg>
<arg>${SortOptionLowToHigh}</arg>
<doc>Click the element identified by ``locator``.</doc>
<status status="PASS" start="2024-05-17T23:17:03.040323" elapsed="0.059786"/>
</kw>
<kw name="Wait Until Page Contains Element" owner="SeleniumLibrary">
<arg>${ProductList}</arg>
<doc>Waits until the element ``locator`` appears on the current page.</doc>
<status status="PASS" start="2024-05-17T23:17:03.100109" elapsed="0.006444"/>
</kw>
<kw name="Get WebElements" owner="SeleniumLibrary">
<msg time="2024-05-17T23:17:03.116585" level="INFO">${product_elements} = [&lt;selenium.webdriver.remote.webelement.WebElement (session="a99d38bfa2da96611f729c0e315edf00", element="f.BEA71047306C2103C1DA1B334F0A7E94.d.1990F07A208353044984DC3D0DF878BA.e.40")&gt;, &lt;selenium.webdriv...</msg>
<var>${product_elements}</var>
<arg>${ProductPrice}</arg>
<doc>Returns a list of WebElement objects matching the ``locator``.</doc>
<status status="PASS" start="2024-05-17T23:17:03.106553" elapsed="0.010032"/>
</kw>
<kw name="Create List" owner="BuiltIn">
<msg time="2024-05-17T23:17:03.116585" level="INFO">${product_prices} = []</msg>
<var>${product_prices}</var>
<doc>Returns a list containing given items.</doc>
<status status="PASS" start="2024-05-17T23:17:03.116585" elapsed="0.000000"/>
</kw>
<for flavor="IN">
<iter>
<kw name="Get Text" owner="SeleniumLibrary">
<msg time="2024-05-17T23:17:03.116585" level="INFO">${text} = $7.99</msg>
<var>${text}</var>
<arg>${element}</arg>
<doc>Returns the text value of the element identified by ``locator``.</doc>
<status status="PASS" start="2024-05-17T23:17:03.116585" elapsed="0.000000"/>
</kw>
<kw name="Append To List" owner="Collections">
<arg>${product_prices}</arg>
<arg>${text}</arg>
<doc>Adds ``values`` to the end of ``list``.</doc>
<status status="PASS" start="2024-05-17T23:17:03.116585" elapsed="0.000000"/>
</kw>
<var name="${element}">&lt;selenium.webdriver.remote.webelement.WebElement (session="a99d38bfa2da96611f729c0e315edf00", element="f.BEA71047306C2103C1DA1B334F0A7E94.d.1990F07A208353044984DC3D0DF878BA.e.40")&gt;</var>
<status status="PASS" start="2024-05-17T23:17:03.116585" elapsed="0.000000"/>
</iter>
<iter>
<kw name="Get Text" owner="SeleniumLibrary">
<msg time="2024-05-17T23:17:03.132304" level="INFO">${text} = $9.99</msg>
<var>${text}</var>
<arg>${element}</arg>
<doc>Returns the text value of the element identified by ``locator``.</doc>
<status status="PASS" start="2024-05-17T23:17:03.116585" elapsed="0.015719"/>
</kw>
<kw name="Append To List" owner="Collections">
<arg>${product_prices}</arg>
<arg>${text}</arg>
<doc>Adds ``values`` to the end of ``list``.</doc>
<status status="PASS" start="2024-05-17T23:17:03.132304" elapsed="0.000000"/>
</kw>
<var name="${element}">&lt;selenium.webdriver.remote.webelement.WebElement (session="a99d38bfa2da96611f729c0e315edf00", element="f.BEA71047306C2103C1DA1B334F0A7E94.d.1990F07A208353044984DC3D0DF878BA.e.41")&gt;</var>
<status status="PASS" start="2024-05-17T23:17:03.116585" elapsed="0.015719"/>
</iter>
<iter>
<kw name="Get Text" owner="SeleniumLibrary">
<msg time="2024-05-17T23:17:03.145009" level="INFO">${text} = $15.99</msg>
<var>${text}</var>
<arg>${element}</arg>
<doc>Returns the text value of the element identified by ``locator``.</doc>
<status status="PASS" start="2024-05-17T23:17:03.132304" elapsed="0.013727"/>
</kw>
<kw name="Append To List" owner="Collections">
<arg>${product_prices}</arg>
<arg>${text}</arg>
<doc>Adds ``values`` to the end of ``list``.</doc>
<status status="PASS" start="2024-05-17T23:17:03.146031" elapsed="0.000000"/>
</kw>
<var name="${element}">&lt;selenium.webdriver.remote.webelement.WebElement (session="a99d38bfa2da96611f729c0e315edf00", element="f.BEA71047306C2103C1DA1B334F0A7E94.d.1990F07A208353044984DC3D0DF878BA.e.42")&gt;</var>
<status status="PASS" start="2024-05-17T23:17:03.132304" elapsed="0.013727"/>
</iter>
<iter>
<kw name="Get Text" owner="SeleniumLibrary">
<msg time="2024-05-17T23:17:03.154244" level="INFO">${text} = $15.99</msg>
<var>${text}</var>
<arg>${element}</arg>
<doc>Returns the text value of the element identified by ``locator``.</doc>
<status status="PASS" start="2024-05-17T23:17:03.147056" elapsed="0.007188"/>
</kw>
<kw name="Append To List" owner="Collections">
<arg>${product_prices}</arg>
<arg>${text}</arg>
<doc>Adds ``values`` to the end of ``list``.</doc>
<status status="PASS" start="2024-05-17T23:17:03.155252" elapsed="0.000000"/>
</kw>
<var name="${element}">&lt;selenium.webdriver.remote.webelement.WebElement (session="a99d38bfa2da96611f729c0e315edf00", element="f.BEA71047306C2103C1DA1B334F0A7E94.d.1990F07A208353044984DC3D0DF878BA.e.43")&gt;</var>
<status status="PASS" start="2024-05-17T23:17:03.147056" elapsed="0.008196"/>
</iter>
<iter>
<kw name="Get Text" owner="SeleniumLibrary">
<msg time="2024-05-17T23:17:03.162314" level="INFO">${text} = $29.99</msg>
<var>${text}</var>
<arg>${element}</arg>
<doc>Returns the text value of the element identified by ``locator``.</doc>
<status status="PASS" start="2024-05-17T23:17:03.155252" elapsed="0.007062"/>
</kw>
<kw name="Append To List" owner="Collections">
<arg>${product_prices}</arg>
<arg>${text}</arg>
<doc>Adds ``values`` to the end of ``list``.</doc>
<status status="PASS" start="2024-05-17T23:17:03.162314" elapsed="0.001003"/>
</kw>
<var name="${element}">&lt;selenium.webdriver.remote.webelement.WebElement (session="a99d38bfa2da96611f729c0e315edf00", element="f.BEA71047306C2103C1DA1B334F0A7E94.d.1990F07A208353044984DC3D0DF878BA.e.44")&gt;</var>
<status status="PASS" start="2024-05-17T23:17:03.155252" elapsed="0.008065"/>
</iter>
<iter>
<kw name="Get Text" owner="SeleniumLibrary">
<msg time="2024-05-17T23:17:03.169422" level="INFO">${text} = $49.99</msg>
<var>${text}</var>
<arg>${element}</arg>
<doc>Returns the text value of the element identified by ``locator``.</doc>
<status status="PASS" start="2024-05-17T23:17:03.163317" elapsed="0.006105"/>
</kw>
<kw name="Append To List" owner="Collections">
<arg>${product_prices}</arg>
<arg>${text}</arg>
<doc>Adds ``values`` to the end of ``list``.</doc>
<status status="PASS" start="2024-05-17T23:17:03.170425" elapsed="0.000000"/>
</kw>
<var name="${element}">&lt;selenium.webdriver.remote.webelement.WebElement (session="a99d38bfa2da96611f729c0e315edf00", element="f.BEA71047306C2103C1DA1B334F0A7E94.d.1990F07A208353044984DC3D0DF878BA.e.45")&gt;</var>
<status status="PASS" start="2024-05-17T23:17:03.163317" elapsed="0.007108"/>
</iter>
<var>${element}</var>
<value>@{product_elements}</value>
<status status="PASS" start="2024-05-17T23:17:03.116585" elapsed="0.053840"/>
</for>
<kw name="Evaluate" owner="BuiltIn">
<msg time="2024-05-17T23:17:03.171427" level="INFO">${sorted_prices} = ['$7.99', '$9.99', '$15.99', '$15.99', '$29.99', '$49.99']</msg>
<var>${sorted_prices}</var>
<arg>sorted(${product_prices}, key=lambda x: float(x[1:].replace('$', '')))</arg>
<doc>Evaluates the given expression in Python and returns the result.</doc>
<status status="PASS" start="2024-05-17T23:17:03.170425" elapsed="0.001002"/>
</kw>
<kw name="Lists Should Be Equal" owner="Collections">
<msg time="2024-05-17T23:17:03.172434" level="INFO">False</msg>
<arg>${product_prices}</arg>
<arg>${sorted_prices}</arg>
<doc>Fails if given lists are unequal.</doc>
<status status="PASS" start="2024-05-17T23:17:03.171427" elapsed="0.001007"/>
</kw>
<kw name="Close Browser" owner="SeleniumLibrary">
<doc>Closes the current browser.</doc>
<status status="PASS" start="2024-05-17T23:17:03.172434" elapsed="2.095621"/>
</kw>
<doc>Sort products from low to high on SauceDemo website</doc>
<status status="PASS" start="2024-05-17T23:17:00.497665" elapsed="4.770390"/>
</test>
<test id="s1-s1-s3-t5" name="Module3_5" line="100">
<kw name="Open Browser" owner="SeleniumLibrary">
<msg time="2024-05-17T23:17:05.268055" level="INFO">Opening browser 'Chrome' to base url 'https://www.saucedemo.com/'.</msg>
<arg>${URL}</arg>
<arg>${browser}</arg>
<doc>Opens a new browser instance to the optional ``url``.</doc>
<status status="PASS" start="2024-05-17T23:17:05.268055" elapsed="2.280349"/>
</kw>
<kw name="Input Text" owner="SeleniumLibrary">
<msg time="2024-05-17T23:17:07.548404" level="INFO">Typing text 'standard_user' into text field 'xpath =//*[@id="user-name"]'.</msg>
<arg>${username}</arg>
<arg>${correct_username}</arg>
<doc>Types the given ``text`` into the text field identified by ``locator``.</doc>
<status status="PASS" start="2024-05-17T23:17:07.548404" elapsed="0.117791"/>
</kw>
<kw name="Input Text" owner="SeleniumLibrary">
<msg time="2024-05-17T23:17:07.666195" level="INFO">Typing text 'secret_sauce' into text field 'xpath=//*[@id="password"]'.</msg>
<arg>${password}</arg>
<arg>${correct_password}</arg>
<doc>Types the given ``text`` into the text field identified by ``locator``.</doc>
<status status="PASS" start="2024-05-17T23:17:07.666195" elapsed="0.091897"/>
</kw>
<kw name="Click Element" owner="SeleniumLibrary">
<msg time="2024-05-17T23:17:07.758092" level="INFO">Clicking element 'xpath=//*[@id="login-button"]'.</msg>
<arg>${LoginButton}</arg>
<doc>Click the element identified by ``locator``.</doc>
<status status="PASS" start="2024-05-17T23:17:07.758092" elapsed="0.077320"/>
</kw>
<kw name="Click Element" owner="SeleniumLibrary">
<msg time="2024-05-17T23:17:07.836425" level="INFO">Clicking element 'xpath=//*[@id="shopping_cart_container"]/a'.</msg>
<arg>xpath=//*[@id="shopping_cart_container"]/a</arg>
<doc>Click the element identified by ``locator``.</doc>
<status status="PASS" start="2024-05-17T23:17:07.835412" elapsed="0.051485"/>
</kw>
<kw name="Click Element" owner="SeleniumLibrary">
<msg time="2024-05-17T23:17:07.887908" level="INFO">Clicking element 'xpath=//*[@id="continue-shopping"]'.</msg>
<arg>xpath=//*[@id="continue-shopping"]</arg>
<doc>Click the element identified by ``locator``.</doc>
<status status="PASS" start="2024-05-17T23:17:07.886897" elapsed="0.056543"/>
</kw>
<kw name="Wait Until Page Contains Element" owner="SeleniumLibrary">
<arg>${ProductList}</arg>
<doc>Waits until the element ``locator`` appears on the current page.</doc>
<status status="PASS" start="2024-05-17T23:17:07.943440" elapsed="0.010003"/>
</kw>
<doc>Go Back From Cart</doc>
<status status="PASS" start="2024-05-17T23:17:05.268055" elapsed="2.685388"/>
</test>
<test id="s1-s1-s3-t6" name="Module3_6" line="110">
<kw name="Open Browser" owner="SeleniumLibrary">
<msg time="2024-05-17T23:17:07.954450" level="INFO">Opening browser 'fire fox' to base url 'https://www.saucedemo.com/'.</msg>
<arg>${URL}</arg>
<arg>fire fox</arg>
<doc>Opens a new browser instance to the optional ``url``.</doc>
<status status="PASS" start="2024-05-17T23:17:07.954450" elapsed="6.646291"/>
</kw>
<kw name="Input Text" owner="SeleniumLibrary">
<msg time="2024-05-17T23:17:14.600741" level="INFO">Typing text 'standard_user' into text field 'xpath =//*[@id="user-name"]'.</msg>
<arg>${username}</arg>
<arg>${correct_username}</arg>
<doc>Types the given ``text`` into the text field identified by ``locator``.</doc>
<status status="PASS" start="2024-05-17T23:17:14.600741" elapsed="0.107719"/>
</kw>
<kw name="Input Text" owner="SeleniumLibrary">
<msg time="2024-05-17T23:17:14.710737" level="INFO">Typing text 'secret_sauce' into text field 'xpath=//*[@id="password"]'.</msg>
<arg>${password}</arg>
<arg>${correct_password}</arg>
<doc>Types the given ``text`` into the text field identified by ``locator``.</doc>
<status status="PASS" start="2024-05-17T23:17:14.709460" elapsed="0.073369"/>
</kw>
<kw name="Click Element" owner="SeleniumLibrary">
<msg time="2024-05-17T23:17:14.782829" level="INFO">Clicking element 'xpath=//*[@id="login-button"]'.</msg>
<arg>${LoginButton}</arg>
<doc>Click the element identified by ``locator``.</doc>
<status status="PASS" start="2024-05-17T23:17:14.782829" elapsed="0.307831"/>
</kw>
<kw name="Click Element" owner="SeleniumLibrary">
<msg time="2024-05-17T23:17:15.090660" level="INFO">Clicking element 'xpath=//*[@id="shopping_cart_container"]/a'.</msg>
<arg>xpath=//*[@id="shopping_cart_container"]/a</arg>
<doc>Click the element identified by ``locator``.</doc>
<status status="PASS" start="2024-05-17T23:17:15.090660" elapsed="0.222326"/>
</kw>
<kw name="Click Element" owner="SeleniumLibrary">
<msg time="2024-05-17T23:17:15.312986" level="INFO">Clicking element 'xpath=//*[@id="checkout"]'.</msg>
<arg>xpath=//*[@id="checkout"]</arg>
<doc>Click the element identified by ``locator``.</doc>
<status status="PASS" start="2024-05-17T23:17:15.312986" elapsed="0.221308"/>
</kw>
<kw name="Click Element" owner="SeleniumLibrary">
<msg time="2024-05-17T23:17:15.535299" level="INFO">Clicking element 'xpath=//*[@id="cancel"]'.</msg>
<arg>xpath=//*[@id="cancel"]</arg>
<doc>Click the element identified by ``locator``.</doc>
<status status="PASS" start="2024-05-17T23:17:15.535299" elapsed="0.235680"/>
</kw>
<kw name="Wait Until Page Contains Element" owner="SeleniumLibrary">
<arg>xpath=//*[@id="cart_contents_container"]/div/div[1]</arg>
<doc>Waits until the element ``locator`` appears on the current page.</doc>
<status status="PASS" start="2024-05-17T23:17:15.770979" elapsed="0.003054"/>
</kw>
<doc>Cancel Checkout</doc>
<status status="PASS" start="2024-05-17T23:17:07.954450" elapsed="7.819583"/>
</test>
<status status="PASS" start="2024-05-17T23:16:46.345884" elapsed="29.429169"/>
</suite>
<suite id="s1-s1-s4" name="Module4" source="D:\Nam_4\KiemThu\GK\mid-term test_ver2\modules\Module4.robot">
<test id="s1-s1-s4-t1" name="Module4_1" line="28">
<kw name="Open Browser" owner="SeleniumLibrary">
[...]
<msg time="2024-05-17T23:18:46.356691" level="ERROR">Calling method 'log_message' of listener 'C:\Program Files\Python39\lib\site-packages\robotide\contrib\testrunner\TestRunnerAgent.py' failed: AttributeError: 'Output' object has no attribute '_xmllogger'</msg>
<msg time="2024-05-17T23:18:46.356691" level="ERROR">Calling method 'log_message' of listener 'C:\Program Files\Python39\lib\site-packages\robotide\contrib\testrunner\TestRunnerAgent.py' failed: AttributeError: 'Output' object has no attribute '_xmllogger'</msg>
<msg time="2024-05-17T23:18:46.371703" level="ERROR">Calling method 'log_message' of listener 'C:\Program Files\Python39\lib\site-packages\robotide\contrib\testrunner\TestRunnerAgent.py' failed: AttributeError: 'Output' object has no attribute '_xmllogger'</msg>
<msg time="2024-05-17T23:18:46.371703" level="ERROR">Calling method 'log_message' of listener 'C:\Program Files\Python39\lib\site-packages\robotide\contrib\testrunner\TestRunnerAgent.py' failed: AttributeError: 'Output' object has no attribute '_xmllogger'</msg>
<msg time="2024-05-17T23:18:46.371703" level="ERROR">Calling method 'log_message' of listener 'C:\Program Files\Python39\lib\site-packages\robotide\contrib\testrunner\TestRunnerAgent.py' failed: AttributeError: 'Output' object has no attribute '_xmllogger'</msg>
<msg time="2024-05-17T23:18:46.387742" level="ERROR">Calling method 'log_message' of listener 'C:\Program Files\Python39\lib\site-packages\robotide\contrib\testrunner\TestRunnerAgent.py' failed: AttributeError: 'Output' object has no attribute '_xmllogger'</msg>
<msg time="2024-05-17T23:18:46.387742" level="ERROR">Calling method 'log_message' of listener 'C:\Program Files\Python39\lib\site-packages\robotide\contrib\testrunner\TestRunnerAgent.py' failed: AttributeError: 'Output' object has no attribute '_xmllogger'</msg>
<msg time="2024-05-17T23:18:46.387742" level="ERROR">Calling method 'log_message' of listener 'C:\Program Files\Python39\lib\site-packages\robotide\contrib\testrunner\TestRunnerAgent.py' failed: AttributeError: 'Output' object has no attribute '_xmllogger'</msg>
<msg time="2024-05-17T23:18:46.403430" level="ERROR">Calling method 'log_message' of listener 'C:\Program Files\Python39\lib\site-packages\robotide\contrib\testrunner\TestRunnerAgent.py' failed: AttributeError: 'Output' object has no attribute '_xmllogger'</msg>
<msg time="2024-05-17T23:18:46.419164" level="ERROR">Calling method 'log_message' of listener 'C:\Program Files\Python39\lib\site-packages\robotide\contrib\testrunner\TestRunnerAgent.py' failed: AttributeError: 'Output' object has no attribute '_xmllogger'</msg>
<msg time="2024-05-17T23:18:46.419164" level="ERROR">Calling method 'log_message' of listener 'C:\Program Files\Python39\lib\site-packages\robotide\contrib\testrunner\TestRunnerAgent.py' failed: AttributeError: 'Output' object has no attribute '_xmllogger'</msg>
<msg time="2024-05-17T23:18:46.434915" level="ERROR">Calling method 'log_message' of listener 'C:\Program Files\Python39\lib\site-packages\robotide\contrib\testrunner\TestRunnerAgent.py' failed: AttributeError: 'Output' object has no attribute '_xmllogger'</msg>
<msg time="2024-05-17T23:18:46.434915" level="ERROR">Calling method 'log_message' of listener 'C:\Program Files\Python39\lib\site-packages\robotide\contrib\testrunner\TestRunnerAgent.py' failed: AttributeError: 'Output' object has no attribute '_xmllogger'</msg>
<msg time="2024-05-17T23:18:46.434915" level="ERROR">Calling method 'log_message' of listener 'C:\Program Files\Python39\lib\site-packages\robotide\contrib\testrunner\TestRunnerAgent.py' failed: AttributeError: 'Output' object has no attribute '_xmllogger'</msg>
<msg time="2024-05-17T23:18:46.451430" level="ERROR">Calling method 'log_message' of listener 'C:\Program Files\Python39\lib\site-packages\robotide\contrib\testrunner\TestRunnerAgent.py' failed: AttributeError: 'Output' object has no attribute '_xmllogger'</msg>
<msg time="2024-05-17T23:18:46.451430" level="ERROR">Calling method 'log_message' of listener 'C:\Program Files\Python39\lib\site-packages\robotide\contrib\testrunner\TestRunnerAgent.py' failed: AttributeError: 'Output' object has no attribute '_xmllogger'</msg>
<msg time="2024-05-17T23:18:46.451430" level="ERROR">Calling method 'log_message' of listener 'C:\Program Files\Python39\lib\site-packages\robotide\contrib\testrunner\TestRunnerAgent.py' failed: AttributeError: 'Output' object has no attribute '_xmllogger'</msg>
<msg time="2024-05-17T23:18:46.467273" level="ERROR">Calling method 'log_message' of listener 'C:\Program Files\Python39\lib\site-packages\robotide\contrib\testrunner\TestRunnerAgent.py' failed: AttributeError: 'Output' object has no attribute '_xmllogger'</msg>
<msg time="2024-05-17T23:18:46.467273" level="ERROR">Calling method 'log_message' of listener 'C:\Program Files\Python39\lib\site-packages\robotide\contrib\testrunner\TestRunnerAgent.py' failed: AttributeError: 'Output' object has no attribute '_xmllogger'</msg>
<msg time="2024-05-17T23:18:46.467273" level="ERROR">Calling method 'log_message' of listener 'C:\Program Files\Python39\lib\site-packages\robotide\contrib\testrunner\TestRunnerAgent.py' failed: AttributeError: 'Output' object has no attribute '_xmllogger'</msg>
<msg time="2024-05-17T23:18:46.467273" level="ERROR">Calling method 'log_message' of listener 'C:\Program Files\Python39\lib\site-packages\robotide\contrib\testrunner\TestRunnerAgent.py' failed: AttributeError: 'Output' object has no attribute '_xmllogger'</msg>
<msg time="2024-05-17T23:18:46.485219" level="ERROR">Calling method 'log_message' of listener 'C:\Program Files\Python39\lib\site-packages\robotide\contrib\testrunner\TestRunnerAgent.py' failed: AttributeError: 'Output' object has no attribute '_xmllogger'</msg>
<msg time="2024-05-17T23:18:46.498735" level="ERROR">Calling method 'log_message' of listener 'C:\Program Files\Python39\lib\site-packages\robotide\contrib\testrunner\TestRunnerAgent.py' failed: AttributeError: 'Output' object has no attribute '_xmllogger'</msg>
<msg time="2024-05-17T23:18:46.498735" level="ERROR">Calling method 'log_message' of listener 'C:\Program Files\Python39\lib\site-packages\robotide\contrib\testrunner\TestRunnerAgent.py' failed: AttributeError: 'Output' object has no attribute '_xmllogger'</msg>
<msg time="2024-05-17T23:18:46.498735" level="ERROR">Calling method 'log_message' of listener 'C:\Program Files\Python39\lib\site-packages\robotide\contrib\testrunner\TestRunnerAgent.py' failed: AttributeError: 'Output' object has no attribute '_xmllogger'</msg>
<msg time="2024-05-17T23:18:46.514459" level="ERROR">Calling method 'log_message' of listener 'C:\Program Files\Python39\lib\site-packages\robotide\contrib\testrunner\TestRunnerAgent.py' failed: AttributeError: 'Output' object has no attribute '_xmllogger'</msg>
<msg time="2024-05-17T23:18:46.514459" level="ERROR">Calling method 'log_message' of listener 'C:\Program Files\Python39\lib\site-packages\robotide\contrib\testrunner\TestRunnerAgent.py' failed: AttributeError: 'Output' object has no attribute '_xmllogger'</msg>
<msg time="2024-05-17T23:18:46.514459" level="ERROR">Calling method 'log_message' of listener 'C:\Program Files\Python39\lib\site-packages\robotide\contrib\testrunner\TestRunnerAgent.py' failed: AttributeError: 'Output' object has no attribute '_xmllogger'</msg>
<msg time="2024-05-17T23:18:46.514459" level="ERROR">Calling method 'log_message' of listener 'C:\Program Files\Python39\lib\site-packages\robotide\contrib\testrunner\TestRunnerAgent.py' failed: AttributeError: 'Output' object has no attribute '_xmllogger'</msg>
<msg time="2024-05-17T23:18:46.514459" level="ERROR">Calling method 'log_message' of listener 'C:\Program Files\Python39\lib\site-packages\robotide\contrib\testrunner\TestRunnerAgent.py' failed: AttributeError: 'Output' object has no attribute '_xmllogger'</msg>
<msg time="2024-05-17T23:18:46.514459" level="ERROR">Calling method 'log_message' of listener 'C:\Program Files\Python39\lib\site-packages\robotide\contrib\testrunner\TestRunnerAgent.py' failed: AttributeError: 'Output' object has no attribute '_xmllogger'</msg>
<msg time="2024-05-17T23:18:46.514459" level="ERROR">Calling method 'log_message' of listener 'C:\Program Files\Python39\lib\site-packages\robotide\contrib\testrunner\TestRunnerAgent.py' failed: AttributeError: 'Output' object has no attribute '_xmllogger'</msg>
<msg time="2024-05-17T23:18:46.579432" level="ERROR">Calling method 'log_message' of listener 'C:\Program Files\Python39\lib\site-packages\robotide\contrib\testrunner\TestRunnerAgent.py' failed: AttributeError: 'Output' object has no attribute '_xmllogger'</msg>
<msg time="2024-05-17T23:18:46.581545" level="ERROR">Calling method 'log_message' of listener 'C:\Program Files\Python39\lib\site-packages\robotide\contrib\testrunner\TestRunnerAgent.py' failed: AttributeError: 'Output' object has no attribute '_xmllogger'</msg>
<msg time="2024-05-17T23:18:52.495846" level="ERROR">Calling method 'log_message' of listener 'C:\Program Files\Python39\lib\site-packages\robotide\contrib\testrunner\TestRunnerAgent.py' failed: AttributeError: 'Output' object has no attribute '_xmllogger'</msg>
<msg time="2024-05-17T23:18:52.533344" level="ERROR">Calling method 'log_message' of listener 'C:\Program Files\Python39\lib\site-packages\robotide\contrib\testrunner\TestRunnerAgent.py' failed: AttributeError: 'Output' object has no attribute '_xmllogger'</msg>
<msg time="2024-05-17T23:18:52.655673" level="ERROR">Calling method 'log_message' of listener 'C:\Program Files\Python39\lib\site-packages\robotide\contrib\testrunner\TestRunnerAgent.py' failed: AttributeError: 'Output' object has no attribute '_xmllogger'</msg>
<msg time="2024-05-17T23:18:52.752325" level="ERROR">Calling method 'log_message' of listener 'C:\Program Files\Python39\lib\site-packages\robotide\contrib\testrunner\TestRunnerAgent.py' failed: AttributeError: 'Output' object has no attribute '_xmllogger'</msg>
<msg time="2024-05-17T23:18:52.833777" level="ERROR">Calling method 'log_message' of listener 'C:\Program Files\Python39\lib\site-packages\robotide\contrib\testrunner\TestRunnerAgent.py' failed: AttributeError: 'Output' object has no attribute '_xmllogger'</msg>
<msg time="2024-05-17T23:18:52.877721" level="ERROR">Calling method 'log_message' of listener 'C:\Program Files\Python39\lib\site-packages\robotide\contrib\testrunner\TestRunnerAgent.py' failed: AttributeError: 'Output' object has no attribute '_xmllogger'</msg>
<msg time="2024-05-17T23:18:52.925159" level="ERROR">Calling method 'log_message' of listener 'C:\Program Files\Python39\lib\site-packages\robotide\contrib\testrunner\TestRunnerAgent.py' failed: AttributeError: 'Output' object has no attribute '_xmllogger'</msg>
<msg time="2024-05-17T23:18:52.992862" level="ERROR">Calling method 'log_message' of listener 'C:\Program Files\Python39\lib\site-packages\robotide\contrib\testrunner\TestRunnerAgent.py' failed: AttributeError: 'Output' object has no attribute '_xmllogger'</msg>
<msg time="2024-05-17T23:18:55.144210" level="ERROR">Calling method 'log_message' of listener 'C:\Program Files\Python39\lib\site-packages\robotide\contrib\testrunner\TestRunnerAgent.py' failed: AttributeError: 'Output' object has no attribute '_xmllogger'</msg>
<msg time="2024-05-17T23:19:00.572153" level="ERROR">Calling method 'log_message' of listener 'C:\Program Files\Python39\lib\site-packages\robotide\contrib\testrunner\TestRunnerAgent.py' failed: AttributeError: 'Output' object has no attribute '_xmllogger'</msg>
<msg time="2024-05-17T23:19:00.607075" level="ERROR">Calling method 'log_message' of listener 'C:\Program Files\Python39\lib\site-packages\robotide\contrib\testrunner\TestRunnerAgent.py' failed: AttributeError: 'Output' object has no attribute '_xmllogger'</msg>
<msg time="2024-05-17T23:19:00.730405" level="ERROR">Calling method 'log_message' of listener 'C:\Program Files\Python39\lib\site-packages\robotide\contrib\testrunner\TestRunnerAgent.py' failed: AttributeError: 'Output' object has no attribute '_xmllogger'</msg>
<msg time="2024-05-17T23:19:00.827630" level="ERROR">Calling method 'log_message' of listener 'C:\Program Files\Python39\lib\site-packages\robotide\contrib\testrunner\TestRunnerAgent.py' failed: AttributeError: 'Output' object has no attribute '_xmllogger'</msg>
<msg time="2024-05-17T23:19:00.906114" level="ERROR">Calling method 'log_message' of listener 'C:\Program Files\Python39\lib\site-packages\robotide\contrib\testrunner\TestRunnerAgent.py' failed: AttributeError: 'Output' object has no attribute '_xmllogger'</msg>
<msg time="2024-05-17T23:19:00.956052" level="ERROR">Calling method 'log_message' of listener 'C:\Program Files\Python39\lib\site-packages\robotide\contrib\testrunner\TestRunnerAgent.py' failed: AttributeError: 'Output' object has no attribute '_xmllogger'</msg>
<msg time="2024-05-17T23:19:00.986690" level="ERROR">Calling method 'log_message' of listener 'C:\Program Files\Python39\lib\site-packages\robotide\contrib\testrunner\TestRunnerAgent.py' failed: AttributeError: 'Output' object has no attribute '_xmllogger'</msg>
<msg time="2024-05-17T23:19:01.083484" level="ERROR">Calling method 'log_message' of listener 'C:\Program Files\Python39\lib\site-packages\robotide\contrib\testrunner\TestRunnerAgent.py' failed: AttributeError: 'Output' object has no attribute '_xmllogger'</msg>
<msg time="2024-05-17T23:19:01.159695" level="ERROR">Calling method 'log_message' of listener 'C:\Program Files\Python39\lib\site-packages\robotide\contrib\testrunner\TestRunnerAgent.py' failed: AttributeError: 'Output' object has no attribute '_xmllogger'</msg>
<msg time="2024-05-17T23:19:01.218982" level="ERROR">Calling method 'log_message' of listener 'C:\Program Files\Python39\lib\site-packages\robotide\contrib\testrunner\TestRunnerAgent.py' failed: AttributeError: 'Output' object has no attribute '_xmllogger'</msg>
<msg time="2024-05-17T23:19:03.375137" level="ERROR">Calling method 'log_message' of listener 'C:\Program Files\Python39\lib\site-packages\robotide\contrib\testrunner\TestRunnerAgent.py' failed: AttributeError: 'Output' object has no attribute '_xmllogger'</msg>
<msg time="2024-05-17T23:19:08.697111" level="ERROR">Calling method 'log_message' of listener 'C:\Program Files\Python39\lib\site-packages\robotide\contrib\testrunner\TestRunnerAgent.py' failed: AttributeError: 'Output' object has no attribute '_xmllogger'</msg>
<msg time="2024-05-17T23:19:08.731419" level="ERROR">Calling method 'log_message' of listener 'C:\Program Files\Python39\lib\site-packages\robotide\contrib\testrunner\TestRunnerAgent.py' failed: AttributeError: 'Output' object has no attribute '_xmllogger'</msg>
<msg time="2024-05-17T23:19:08.848043" level="ERROR">Calling method 'log_message' of listener 'C:\Program Files\Python39\lib\site-packages\robotide\contrib\testrunner\TestRunnerAgent.py' failed: AttributeError: 'Output' object has no attribute '_xmllogger'</msg>
<msg time="2024-05-17T23:19:08.939767" level="ERROR">Calling method 'log_message' of listener 'C:\Program Files\Python39\lib\site-packages\robotide\contrib\testrunner\TestRunnerAgent.py' failed: AttributeError: 'Output' object has no attribute '_xmllogger'</msg>
<msg time="2024-05-17T23:19:09.021919" level="ERROR">Calling method 'log_message' of listener 'C:\Program Files\Python39\lib\site-packages\robotide\contrib\testrunner\TestRunnerAgent.py' failed: AttributeError: 'Output' object has no attribute '_xmllogger'</msg>
<msg time="2024-05-17T23:19:09.065279" level="ERROR">Calling method 'log_message' of listener 'C:\Program Files\Python39\lib\site-packages\robotide\contrib\testrunner\TestRunnerAgent.py' failed: AttributeError: 'Output' object has no attribute '_xmllogger'</msg>
<msg time="2024-05-17T23:19:09.112811" level="ERROR">Calling method 'log_message' of listener 'C:\Program Files\Python39\lib\site-packages\robotide\contrib\testrunner\TestRunnerAgent.py' failed: AttributeError: 'Output' object has no attribute '_xmllogger'</msg>
<msg time="2024-05-17T23:19:09.195829" level="ERROR">Calling method 'log_message' of listener 'C:\Program Files\Python39\lib\site-packages\robotide\contrib\testrunner\TestRunnerAgent.py' failed: AttributeError: 'Output' object has no attribute '_xmllogger'</msg>
<msg time="2024-05-17T23:19:09.270219" level="ERROR">Calling method 'log_message' of listener 'C:\Program Files\Python39\lib\site-packages\robotide\contrib\testrunner\TestRunnerAgent.py' failed: AttributeError: 'Output' object has no attribute '_xmllogger'</msg>
<msg time="2024-05-17T23:19:09.328576" level="ERROR">Calling method 'log_message' of listener 'C:\Program Files\Python39\lib\site-packages\robotide\contrib\testrunner\TestRunnerAgent.py' failed: AttributeError: 'Output' object has no attribute '_xmllogger'</msg>
<msg time="2024-05-17T23:19:11.476651" level="ERROR">Calling method 'log_message' of listener 'C:\Program Files\Python39\lib\site-packages\robotide\contrib\testrunner\TestRunnerAgent.py' failed: AttributeError: 'Output' object has no attribute '_xmllogger'</msg>
<msg time="2024-05-17T23:19:16.738384" level="ERROR">Calling method 'log_message' of listener 'C:\Program Files\Python39\lib\site-packages\robotide\contrib\testrunner\TestRunnerAgent.py' failed: AttributeError: 'Output' object has no attribute '_xmllogger'</msg>
<msg time="2024-05-17T23:19:16.780438" level="ERROR">Calling method 'log_message' of listener 'C:\Program Files\Python39\lib\site-packages\robotide\contrib\testrunner\TestRunnerAgent.py' failed: AttributeError: 'Output' object has no attribute '_xmllogger'</msg>
<msg time="2024-05-17T23:19:16.905283" level="ERROR">Calling method 'log_message' of listener 'C:\Program Files\Python39\lib\site-packages\robotide\contrib\testrunner\TestRunnerAgent.py' failed: AttributeError: 'Output' object has no attribute '_xmllogger'</msg>
<msg time="2024-05-17T23:19:16.994884" level="ERROR">Calling method 'log_message' of listener 'C:\Program Files\Python39\lib\site-packages\robotide\contrib\testrunner\TestRunnerAgent.py' failed: AttributeError: 'Output' object has no attribute '_xmllogger'</msg>
<msg time="2024-05-17T23:19:17.081511" level="ERROR">Calling method 'log_message' of listener 'C:\Program Files\Python39\lib\site-packages\robotide\contrib\testrunner\TestRunnerAgent.py' failed: AttributeError: 'Output' object has no attribute '_xmllogger'</msg>
<msg time="2024-05-17T23:19:17.129136" level="ERROR">Calling method 'log_message' of listener 'C:\Program Files\Python39\lib\site-packages\robotide\contrib\testrunner\TestRunnerAgent.py' failed: AttributeError: 'Output' object has no attribute '_xmllogger'</msg>
<msg time="2024-05-17T23:19:17.176439" level="ERROR">Calling method 'log_message' of listener 'C:\Program Files\Python39\lib\site-packages\robotide\contrib\testrunner\TestRunnerAgent.py' failed: AttributeError: 'Output' object has no attribute '_xmllogger'</msg>
<msg time="2024-05-17T23:19:17.267815" level="ERROR">Calling method 'log_message' of listener 'C:\Program Files\Python39\lib\site-packages\robotide\contrib\testrunner\TestRunnerAgent.py' failed: AttributeError: 'Output' object has no attribute '_xmllogger'</msg>
<msg time="2024-05-17T23:19:17.339872" level="ERROR">Calling method 'log_message' of listener 'C:\Program Files\Python39\lib\site-packages\robotide\contrib\testrunner\TestRunnerAgent.py' failed: AttributeError: 'Output' object has no attribute '_xmllogger'</msg>
<msg time="2024-05-17T23:19:17.402169" level="ERROR">Calling method 'log_message' of listener 'C:\Program Files\Python39\lib\site-packages\robotide\contrib\testrunner\TestRunnerAgent.py' failed: AttributeError: 'Output' object has no attribute '_xmllogger'</msg>
</errors>
</robot>
